67840
60710
45330
21110
38660
33100
60240
18450
32440
40090
23290
33530
20540
18240
2880
37220
53600
23540
50890
47920
33870
33330
12980
16000
31510
53630
9800
42910
54270
43100
32950
66530
47460
6750
5950
60110
4350
13670
47120
100
42250
6380
20940
6420
65100
42070
51150
15670
50030
36250
6530
54100
22120
54170
32400
66530
56750
19080
49580
18930
51220
44510
42490
60170
2320
17530
53150
8020
58860
27850
31880
34190
8660
20790
35050
31230
33170
20400
59360
22440
420
33330
1280
54630
56910
23630
27730
36590
1340
21350
45590
39960
49430
15140
17960
140
39390
12630
11860
13140
24340
17710
9420
35680
38040
23430
52060
5220
52720
2300
260
9720
7530
47260
630
22080
14910
63070
31150
39710
29490
12190
34180
53960
4320
57410
50590
59350
23940
65540
21550
67600
15670
6290
23100
3360
550
57010
33460
8030
24580
31510
54330
69472
65040
44980
51520
10210
5440
37830
2520
51110
69513
54000
35000
5700
25750
52060
29050
44290
18860
50710
51750
61790
63170
4960
5480
42630
10190
67040
61820
24150
46510
26240
56010
30020
5760
56380
4430
13350
38460
13200
40890
15540
1500
63710
41120
8050
3970
43010
1990
20100
60290
42570
39680
23140
31410
23980
57440
46100
4090
41070
26160
7750
2110
56220
49160
5850
61400
35450
32700
46830
33210
60170
43090
17920
43700
43380
66050
63220
52000
51870
43330
60230
55930
56280
49650
55430
64730
7090
22930
53360
52470
18610
37860
45040
10620
10300
36050
49920
18270
24190
68600
61920
52510
28270
66325
53910
40330
21270
14890
11790
44320
26840
59140
35070
25030
20070
64950
5150
38050
17230
25330
68600
47320
57570
39380
56520
57160
57200
3760
56410
62755
37880
500
48470
30350
60040
2910
25400
19840
4800
67800
59900
63510
69436
56310
5610
69513
4760
8890
5300
58790
63070
58720
6310
2900
34720
12980
17870
55010
50970
43960
58030
32230
69170
41530
40760
33530
21020
31780
32180
60170
35060
31810
46850
12710
59570
25340
38630
22890
24640
30690
27400
42310
63800
67880
2780
14230
56980
10780
59360
510
17780
9310
14720
38700
58990
37090
63850
12470
57890
990
30630
52420
68180
39330
33950
47110
29940
7160
53290
22080
43660
17490
57640
58440
10890
59490
37790
20890
53290
63640
31340
9550
22380
45860
50220
3110
33710
36290
42660
58872
60290
27790
23110
50010
13260
32760
50570
53350
15840
9200
38690
11680
16490
57070
9460
35210
68670
41300
46210
65360
6360
28400
44330
42060
12000
20030
17430
9670
11790
15350
66950
35800
68340
33810
63180
30850
47340
11080
41210
32220
33120
64770
41530
56770
34490
55850
55340
3270
29950
38800
56690
56550
58190
1460
29620
40020
7750
51140
43030
56650
30080
18480
11910
37580
26430
40790
34970
6760
31360
29370
3410
59210
23210
30130
54040
7810
53260
64850
24700
59070
20630
46800
53430
31220
16020
66540
54610
18740
49090
57350
39110
57270
40500
15480
64160
33950
67233
26640
57180
62060
17610
68670
24370
47650
22780
55990
26180
26070
29810
31020
66830
49130
27850
17220
68280
65750
67760
31140
21790
10820
9770
34310
31840
44190
26640
22430
11930
28170
69463
68060
16110
42770
50570
21490
69010
56190
38230
32910
48540
50870
170
52550
9960
47380
57050
5440
66220
26620
62120
54540
12170
9190
12230
50430
15970
51260
23320
5460
26320
30670
9690
51850
10290
6780
20570
41040
51970
67080
63970
13960
15780
20480
46640
18060
64030
41610
57640
36150
32460
35430
21800
33490
29900
68680
4610
62620
54590
69150
59690
52620
50040
43520
59690
29210
53970
24680
56100
14420
22150
26220
68700
63000
43800
10000
49340
29550
11750
5370
2400
45330
16590
7770
27850
1210
42370
40300
68550
11770
12390
28890
5180
62740
30940
58600
47020
15790
29030
67060
35150
29380
17470
61230
14190
28850
41280
55860
39550
12780
17600
31620
53090
32820
65690
62460
62700
50970
12370
64960
5420
59490
40420
54110
50540
2670
59420
41120
36290
61460
23800
47390
61350
54910
62650
17440
41460
37860
30140
57820
52200
46280
64100
11440
52060
11670
39330
46020
8560
63930
9440
47690
44370
63910
48780
61700
49620
27970
6990
39890
30670
13360
53210
45370
37770
66670
23030
67080
41680
60080
56840
38530
48810
15440
58990
15910
1520
13630
55580
46480
50020
17270
62880
66530
51910
34330
51420
47650
4500
1680
48240
63730
66130
16990
26700
22580
59000
56540
51710
26950
51080
69280
210
54340
24760
33670
55550
47640
57120
69498
52280
43910
62360
14140
37520
13460
44290
5910
7730
5970
43880
14940
5500
33310
34460
5970
18510
31970
58230
35760
44430
20450
63700
1920
54770
42300
52620
26100
47390
22640
67160
36070
47540
9290
52310
9220
68630
67390
16130
31930
11500
58840
63600
47930
69000
65630
60570
380
34650
68920
46660
67090
36960
11370
52070
56650
62230
18860
29480
16200
38740
52280
50940
4700
5190
57890
59380
40780
58230
23150
46230
27540
16820
67010
39670
57300
6740
35770
4470
61430
55580
29290
40970
68430
16440
31520
63660
47390
66710
17860
21240
8870
23520
10110
65100
17770
59620
45590
11820
17120
33870
52700
15680
51310
59350
56770
18270
9430
60000
22970
29850
29400
32730
38960
13610
310
41520
6410
54350
27220
27520
46320
29240
55740
41230
49700
45300
60030
38100
25870
60840
9400
12770
17170
51220
2650
3940
61640
5880
50880
16170
24600
33650
45420
63870
7620
20880
15830
2910
52310
51560
18460
54680
46500
1870
58030
26030
68050
49240
17090
6890
68790
29710
54080
35190
30880
960
33970
59560
20820
7570
22590
650
670
45510
60700
4980
30620
28610
24380
44970
57520
9780
45100
22790
60100
20800
60260
9820
21910
45260
24470
42080
28490
16720
67780
58250
4590
4900
46540
30020
37120
42100
39800
63990
46980
56330
24300
17120
35240
67400
60900
65740
12620
7080
13370
67010
20390
2520
47690
5100
6940
39810
34900
47690
19480
67150
15610
3630
58110
36040
49874
47580
49390
24260
21940
52270
40850
44980
45130
41990
7370
38960
19390
4770
59020
31660
69504
6600
10000
67640
65540
46040
37040
20010
55150
61340
49780
67780
45670
30490
39080
15140
38970
33920
59640
53820
32340
230
27600
64440
6110
21460
51690
5350
17790
20270
39220
4010
64460
2330
15650
20280
26480
31020
1190
54980
49700
61920
40900
7050
43840
56400
11910
39900
62550
30160
60190
47750
60450
67200
20240
59250
7470
1450
58730
9170
48040
50380
29570
61580
4140
20830
41730
16170
21040
61080
27280
3910
41740
4090
51110
10760
47960
47590
29750
49450
11810
37310
28750
1780
30570
24650
32840
64560
23940
10900
64080
1950
64430
57040
19190
7090
6700
7660
52090
44740
25900
27590
30960
64360
45360
27220
18620
4220
14980
41980
18540
16920
50140
46930
52180
62730
80
69340
65300
55360
24560
9720
24640
11290
57240
27130
31020
42160
61660
45910
61680
42740
55150
10780
55690
68650
33360
20950
23900
9120
67270
3780
55250
7380
40040
34670
52290
13110
4260
25440
18930
11870
26280
20010
31530
7880
48410
4240
2240
51360
36510
52230
34000
1990
38060
68500
55190
60130
15640
28770
3090
4990
39040
41530
32050
39480
34060
49750
24530
65100
65590
28750
41170
30840
45540
13690
68970
43020
67710
9670
15150
29480
19390
3870
50530
48220
19410
28430
29470
27760
17010
20530
54670
31930
30200
3790
21690
66160
8650
55850
48240
330
43400
46000
44680
51130
62760
8620
44830
25600
31910
23920
46400
39540
63420
6900
51810
12540
6180
46790
2560
41250
23820
6130
45370
36680
5520
41840
56810
65250
64550
67120
4070
68300
3960
640
15370
30900
58470
22810
62300
19780
13330
29460
68090
40520
62410
69103
48830
48040
1310
20450
64980
37740
60900
58450
52040
47703
36943
61082
64808
33
65492
52933
25103
15993
2596
68156
20703
68977
19053
65303
38863
28883
43483
4147
20813
2926
65096
15453
23033
39483
35043
51453
30043
2629
38183
63818
37753
3740
35793
18113
26283
12793
13838
11649
60668
31443
3498
9196
11572
64934
51473
41773
23343
968
13090
17333
25223
2651
42403
29493
49983
17443
15743
67031
35863
12958
24753
55803
31973
46303
7557
44413
57553
33273
22883
15973
68822
30603
28853
21743
51203
67562
38343
2629
67958
35043
62768
43943
15583
46863
68300
27733
45233
41013
2211
34073
3586
7469
9229
68012
28873
2035
46443
56223
43573
47883
32593
24063
69530
27983
12188
52853
32283
5665
9977
46053
60965
25803
46473
18423
31243
27673
68509
22373
64952
58580
10835
25403
34013
57273
19853
27143
8547
37863
10516
17003
39243
63548
44913
25573
42783
1595
47033
4576
36603
9394
48713
44963
61964
27243
41553
13420
1045
42513
66176
67922
21983
7810
36113
25593
7920
65348
58184
41133
53863
27513
36013
16053
8789
12199
4235
41913
35623
61055
3080
53353
5566
6622
5830
67463
19363
18633
57662
43303
41973
22103
2090
58301
28173
29853
55003
43923
67292
4983
16413
50043
56783
1243
27063
31023
67994
56643
24353
38663
7183
28623
19463
11660
7876
39883
63566
48613
16473
22443
66518
19713
17023
28293
11957
50713
48943
18703
17493
10527
58616
68966
20823
48013
33483
40923
20713
913
21103
26383
35033
20963
56563
38453
42593
23693
51913
68075
46663
25783
59732
30993
6303
19023
50943
27463
66077
26833
37873
17913
21903
59444
10571
69497
23343
35433
54953
32883
55983
12364
40583
34573
39653
9735
53393
61183
58983
54013
54073
8041
41713
51973
48303
35333
9669
50053
28133
65631
25823
50173
47853
42033
44413
37603
32753
25993
32313
48283
35723
48433
64992
49193
17803
22323
63741
64848
55163
37453
25703
32663
37573
10989
21213
11528
51163
17523
4499
5533
37043
3421
38453
58673
54293
21433
12166
16013
34893
47693
25253
27423
68586
50873
2563
22333
51643
57783
16023
13233
63777
30793
2244
24273
60013
16353
35503
7040
8998
1188
43733
14674
10648
40713
15993
13288
55333
33573
55533
3212
39913
44483
14960
19233
26563
7931
35553
53333
31333
36343
47373
10571
15059
43693
23313
21133
21733
69098
61613
47123
40783
60203
51463
36343
62293
5346
10483
51113
5203
3311
30703
25393
34493
10065
30663
42513
16283
21343
7667
56883
11231
50023
24783
26023
28383
42703
2013
15114
51513
45613
38853
49453
17003
62443
35313
3652
1848
41133
7436
59263
64353
1221
38623
18623
45353
57413
54353
35683
64938
67058
1606
20633
63129
29643
67282
56093
58813
26143
56953
46883
2805
61153
46613
2310
64875
63894
21903
50693
22253
53013
57443
50673
67418
54633
57543
50303
57883
54723
27743
21873
44233
61163
53553
23803
38123
44873
52163
69584
21633
39653
17133
27453
44273
61853
26043
64074
32133
61433
12562
63057
11572
31363
59863
27633
27883
67554
25483
66410
26253
64128
58093
19783
62453
56513
23213
33423
50223
38183
55263
67270
56993
35723
8712
44813
31063
25773
23153
14432
30303
68050
21503
29913
64740
69564
54613
5390
66386
25733
60583
12045
16953
49453
42753
51213
9427
60443
38153
36673
22323
26633
43163
36583
47843
8712
52953
31663
69506
35233
37023
12474
19223
3421
14223
65682
42823
3564
46203
15015
57963
44943
40283
41713
17763
52863
42103
8008
57103
35513
66162
18093
42613
2530
2178
7007
6017
15513
66218
32943
28273
39383
44593
45223
30393
35893
64911
68074
30943
60503
18633
22773
34033
15273
53843
50983
19043
9262
2607
14322
61753
42853
32783
24283
24663
58203
68538
44043
48313
49613
37993
21573
8327
49853
69596
14124
28743
36243
18473
41693
62073
40143
4411
33933
53473
34573
16233
34543
42363
32343
47373
26123
48683
38353
27783
28613
9471
9680
2002
53953
12958
64218
69594
31783
4598
60173
15253
38213
14454
30913
38053
56453
57183
48953
38133
54093
69298
57793
19243
47173
65388
63615
21323
15443
7557
4906
65235
22613
30223
62253
49363
29643
37273
55933
34363
26303
43293
61523
64218
45433
5797
3608
4059
59653
10714
59043
39163
56163
3586
28963
3454
62093
22273
64380
2926
11154
53533
62043
24393
36583
37823
63669
36883
13101
52483
44333
34803
17723
50023
49543
18453
17713
69042
44753
61203
57203
55603
18513
60353
40603
10472
36243
42903
53783
28443
69598
46403
8822
67978
63831
48463
47783
40743
4708
825
39043
29293
60483
16623
6281
65568
30763
68522
23213
37623
8910
34023
35643
54963
69514
26093
42813
1606
12969
43673
61633
51143
37993
30383
54803
55963
53183
28933
33533
22353
3201
53163
68306
17043
51873
61253
20773
14542
37723
38883
65010
65523
35123
60213
48683
38643
36793
10120
36623
14333
26853
57713
46553
59833
43633
42923
23413
26303
18553
8118
10340
3179
36503
58563
4268
23213
43403
36523
69170
54733
3652
16723
60923
60203
26063
66034
40463
69522
20513
3476
11374
33783
49903
36083
37103
48803
59953
8096
51693
20553
20083
62423
65244
29833
34293
41653
6787
45863
44503
28483
41553
63498
65954
45543
15883
58553
67714
9009
69219
38383
40673
53293
66594
61023
45813
14718
42973
60403
43193
35333
24693
60503
46993
46003
9724
13376
12562
61673
51633
25473
31253
1430
39553
9493
44103
66474
14025
25833
21493
4664
4499
33893
15403
50873
23403
27573
14212
3817
36093
57783
40173
40103
37943
4158
28223
60093
14850
57223
58643
42113
54543
35013
11572
53783
44063
17423
8558
24473
32203
66634
66202
49383
26343
31473
6974
61063
47263
6622
22973
30693
66538
23013
23283
31153
23813
17503
35153
8624
52933
34363
28073
55633
7634
55933
15273
17093
18773
38863
13189
35023
15202
35403
18533
23063
24693
6325
23093
48143
15643
5654
14300
9130
32863
60223
23633
44823
35923
44193
55543
64884
40443
39583
38963
39753
50613
67090
3168
49673
60713
66194
65922
25663
68050
62043
40433
5137
35593
57353
4246
34253
61403
21293
53153
21513
38783
9658
52283
68658
47413
2959
29223
31793
66218
37653
57743
27093
60013
65370
18633
29073
68010
56193
35303
58993
27733
30373
4939
35053
18903
627
12034
68282
68626
46563
33493
53103
7612
34223
3179
57463
14256
61323
38443
32143
40323
11275
5302
30553
61893
54953
64893
19673
30573
48673
51873
42963
42193
41033
63750
61134
64830
28473
57313
25833
59903
24003
52883
38553
9691
22193
46243
37453
51653
63633
38043
22643
28283
51333
13761
60053
9031
55333
27293
51063
43933
46343
27793
62973
25953
49393
69114
15059
10120
62343
30983
38653
24583
51083
37453
52823
4906
55773
19423
22893
46823
28683
29903
59283
60173
2266
34113
77
8349
19403
45693
69597
42913
2992
11572
10098
34193
21273
22163
44083
43943
46663
31723
4158
35003
26403
54543
59573
67034
61883
550
35453
29723
69202
19553
43173
66042
38303
58193
62063
18143
8701
792
28713
1760
67602
61373
418
19823
16873
12551
46753
10175
28113
25293
40673
12518
28583
31183
17153
17333
67602
34203
28583
11143
55453
40383
330
23873
15883
38403
36543
1265
60753
67626
66594
64083
3751
34123
54293
54563
1320
59493
26663
47483
38173
58763
64236
52143
58693
23103
1001
40383
29043
11242
54773
45723
64425
42753
48093
32833
60553
50763
14828
59293
19053
46323
7700
61203
42883
48503
60543
53833
43713
6600
16033
11363
33263
40103
63948
29503
55533
40283
64128
59143
38133
25443
66442
65361
31043
38803
67930
42203
48853
48203
11935
14740
6831
41293
5698
30753
65514
41213
34623
61403
63408
59923
14278
57353
68746
20413
24193
19143
28463
67290
33333
21793
28483
10945
7623
68858
14894
1672
1067
968
34213
63750
33073
26313
11583
15983
30943
52303
50933
4719
18893
7612
28233
13354
52783
24093
30203
20913
33363
41593
49993
41723
29153
28343
27853
50533
63624
68714
37533
30993
32453
4554
53443
20053
24613
61140
14608
14828
34063
66586
29883
14223
62043
3905
4092
67610
47973
594
11539
44313
67834
16033
56623
8360
47573
18583
26253
12793
26933
40233
46633
47523
45033
53953
39323
10791
65649
49783
68594
49493
20943
60963
42863
64506
21173
68762
63507
56313
57163
52853
14674
66490
69218
54503
8349
24423
30763
36353
6424
44393
4807
4631
29083
47543
47653
68106
18753
52173
6446
66122
29943
35103
38323
57143
9438
1452
64776
68802
28643
28413
29523
38413
21973
50933
5082
51493
51773
68418
42093
68978
39423
9757
51543
12298
67002
42373
62113
64875
36803
43703
56803
8382
33203
30223
6072
34283
30893
37123
20183
28063
13002
1969
64299
46413
44333
65397
46663
16603
40743
63840
30303
3058
32713
54293
43883
30263
37013
7436
26123
9757
20613
66026
41623
44753
44363
16043
15563
21343
55703
15923
54153
66642
46363
7271
34263
43353
15103
15373
15070
66266
30283
40382
41622
34962
61242
53162
21522
57392
37972
46532
52432
14289
51272
50202
34272
9867
47202
68099
42862
55522
7348
19866
60502
35982
64323
48562
62042
37502
65106
24232
9229
53032
55832
22072
47212
16489
2079
47702
5478
63052
34482
30802
43192
52952
55042
8558
38672
49352
17600
1837
20892
64764
63272
33332
60202
13915
20352
59312
1826
35592
58692
51632
6633
51442
30572
10230
6985
67847
9152
2937
63711
62332
671
54982
2068
7106
38712
30952
40102
47602
56222
66199
67511
24922
23032
61652
66151
35152
5929
22802
17182
49292
66215
64899
66111
32032
57852
50072
67413
35772
3784
44382
11704
8470
22202
37292
57192
69645
33102
53492
6886
57332
47522
48612
462
40292
32252
30022
65565
56652
27662
33122
55352
21412
27412
68295
47502
43362
69644
8162
52342
37362
10923
17435
68232
39322
2860
13805
23292
35052
46392
48412
21522
8778
34732
44832
12903
14993
44662
56812
69554
48222
3608
49512
6919
65826
24822
50632
52712
12980
40962
47052
21302
56532
61122
3696
59292
5445
65754
58872
42432
7832
26092
64080
37652
44372
6644
23772
67896
65601
19613
40202
21812
27152
32962
39212
53792
32252
7117
26092
264
10714
39492
47202
50182
10813
68036
12452
20022
40302
198
44182
4433
31202
54852
24862
65241
25202
11682
7502
53192
29352
37872
65448
63594
36582
55312
54512
56302
42812
41372
18447
5159
64026
64530
21932
47772
41442
48242
25952
68204
46162
37062
31972
7601
48132
40192
36102
63765
60922
27962
55922
11396
68204
14267
27952
1210
44072
46832
49872
64350
23192
45052
35762
17952
28462
61542
68589
67238
60902
49042
2431
8393
34522
14410
60832
12727
110
56082
68757
46662
65007
50212
7227
57222
42212
58532
7689
14179
49742
51132
17039
5500
23062
24702
43472
24922
53882
35832
62262
49902
64773
61352
13475
56652
58652
27772
9735
38442
12408
67504
64953
49532
31232
53442
6314
42612
32512
12364
11935
47932
54722
23582
5830
1584
33492
41612
44742
59932
3817
45472
61662
20782
62692
54722
45692
41572
46802
64233
20842
57672
5456
18997
48172
11418
51222
31772
21752
11044
40632
57542
61982
10703
46482
33232
25452
3003
858
7194
18755
50042
12628
51262
54952
38682
66639
10472
61292
1375
44512
30572
42272
34672
66006
61002
40762
3597
65538
22782
27572
6457
7557
61422
29322
69356
37082
19910
30492
66815
43182
31022
13651
32252
38172
26962
65250
43742
17259
68001
14234
12309
2563
68862
43902
31552
27422
20112
62792
8184
59462
54952
5269
13255
27812
47342
26462
59012
50082
2288
34972
10989
13178
68351
25172
69401
65250
48752
49482
27222
60592
27882
3179
44282
13959
29862
69478
68092
4664
38682
24312
5027
31992
42822
52132
10164
43372
25532
54922
66199
35002
56482
42002
53282
26252
5126
42542
38152
57342
24412
34462
9119
5027
12793
2508
24842
49782
15092
51722
3564
31662
22932
14168
67294
44382
6138
15136
13871
38672
42592
2211
42562
5302
43892
11858
68582
52582
15884
67329
45152
66191
16247
20172
66575
33732
2783
59772
19316
68064
36542
5808
11352
68785
29822
29852
31652
44122
68372
44072
28102
17325
22012
17985
63441
66671
34142
51712
47802
35622
27372
38992
17534
41692
42032
19470
7293
68519
7876
869
25532
34962
20312
24182
59982
10186
63981
2937
8503
63262
46312
69156
45992
39512
36292
12254
7381
18271
59582
9779
14124
64845
17611
32552
64449
34872
24962
37842
46162
12958
55032
17501
38712
60632
67896
53252
60182
8569
37012
34892
50402
1716
880
64350
39372
25482
62962
41162
15961
21852
17523
65043
19404
583
40692
62182
35362
6886
63495
14685
69589
52232
52422
69464
59922
21012
27872
66703
33642
49862
61772
48522
54502
61472
27002
55622
9372
2794
11440
37032
27392
50762
4235
37252
51112
32242
39912
18436
45922
26712
15367
30442
14476
13310
56282
13739
40352
18128
54132
20002
528
69345
5698
60842
56622
60802
44252
2640
46382
36062
1100
34652
64224
54732
33532
38462
12243
39062
13948
38522
36782
38012
62142
34472
24822
51782
59072
22482
53982
39292
31822
51942
13596
54052
17457
46602
30702
38882
52562
23412
39392
22982
30452
66239
35122
44302
65718
39632
47062
38572
39782
21162
29602
28012
27102
63042
38912
3223
29602
11033
11968
6380
22952
57572
52492
1419
7073
24702
31422
16599
3839
45622
13420
22502
15851
11902
33382
68512
67084
67140
29662
14685
40012
57702
68778
41082
44132
3322
11968
66060
50082
8294
21422
62802
34082
58812
21782
58012
61612
39662
20282
16764
42202
30752
847
35022
10428
68400
26572
13805
38182
68162
31442
53052
34992
42122
14267
814
13717
64098
58172
65871
62722
20982
51952
35812
67623
8316
4741
36272
29332
69009
49762
49142
32582
47302
23072
51752
48122
60642
38832
48432
45812
48982
46712
63252
28442
43292
32992
6534
63567
16951
33692
36262
56682
8316
2288
34302
7546
286
52342
29232
36822
25672
5720
36212
22832
34612
37292
19613
55162
13024
64935
9449
63392
49572
65835
66343
65223
42082
24472
29112
29662
61032
40342
24982
58882
37542
43952
25582
7260
68806
22232
51322
28242
13277
51802
50392
61852
4059
34902
44372
34312
66735
2827
22182
27822
67952
59822
46852
64305
34602
43512
14102
31672
26042
9746
36052
44222
52582
25002
43982
50692
25272
62422
55922
66223
19074
11198
26852
25432
15510
48682
27242
59642
9823
198
43272
8470
28522
9647
39122
30582
32172
8184
18612
27722
34862
36202
29822
33442
37382
14608
59942
56192
57212
4774
55372
4070
8151
23572
56512
60582
15191
43182
913
65772
25932
5511
26262
16159
8272
6182
32622
56662
67420
37702
44352
25672
42132
2123
13013
7942
34662
29312
37232
63292
363
11836
65961
62042
53932
46652
18832
19118
16951
59322
33912
16093
62472
69254
26602
1100
21272
7854
11066
35152
69548
22612
1188
33012
34452
165
68862
66895
51482
67630
16962
39362
21572
45362
1980
56732
11902
54802
11275
66223
40062
1606
40782
583
13937
45642
56712
28442
12122
1232
55142
29192
35542
61562
50112
13211
8591
57702
54552
15444
7689
12793
10835
65826
25662
33052
36002
660
43452
33922
51732
10428
14333
48122
30712
9878
54582
50172
22142
22382
12760
50892
3399
13002
48712
61042
14553
42282
50712
40702
26432
16401
8371
66471
24252
41682
23972
63432
25842
54512
47382
40912
44532
54532
60702
66855
29992
33552
20452
68981
42132
50092
27412
62142
58382
36262
12892
29792
40032
62792
56432
33202
65242
39462
21492
39422
41292
54172
64992
20432
40682
54722
41922
17831
2684
8888
36602
13926
17226
53312
40072
7293
25462
68972
32142
66742
18810
23522
8657
69671
41772
25102
10703
33112
21452
15444
21792
34242
32942
19393
4411
21622
7249
64812
6886
53282
63992
10076
47772
9999
5940
21652
20472
29442
7051
57832
25312
66102
26872
56802
66670
7700
45442
55042
55282
3201
33542
63382
44532
7447
47552
15411
6842
38822
62242
68984
11847
9339
3069
37552
20522
14058
22322
45362
20802
242
44372
23372
42762
54882
16962
8426
20552
26812
41522
13794
27152
45922
1078
28812
44572
37192
37942
64952
67508
58392
53832
13541
59102
12078
14355
23292
32422
65132
69374
14773
16346
10923
31422
9471
42952
36562
52192
43122
41842
42122
34072
3036
7040
9581
47122
59952
64072
13618
9438
4356
36792
69146
52922
10538
25912
45012
46882
28292
53352
18887
42462
32182
61542
33812
20852
30452
35612
25592
2134
16258
68198
5632
64162
10659
56422
10857
41952
27982
18986
4664
57362
4807
36152
67748
26242
34022
21432
20652
4158
25162
27612
7260
484
528
14597
65872
8789
27082
23702
56982
59822
11022
37602
50592
59372
43192
22812
58452
19481
36802
21902
10659
52802
8525
50822
54682
64232
61022
49422
34562
7150
36452
62982
57292
49572
15609
57732
4730
5214
31462
8063
53382
29622
28022
24482
55332
17336
44742
38402
43552
22622
14663
35542
68198
25542
10956
29382
14410
43852
31172
68156
44502
52042
39662
65282
54042
12474
67658
51002
14124
28942
40532
36092
33822
13717
29672
29542
39932
18436
69320
13376
62102
16753
25382
46962
9614
2915
38792
33442
47382
88
65222
62762
61872
25042
50322
10483
39642
44792
17435
53842
56812
37992
29922
68336
4477
36012
44612
67363
44812
57882
67802
31232
39572
48602
43142
8822
68480
59332
40862
31762
34722
65392
61562
51242
13552
11847
68006
17985
17039
48772
46172
34382
28562
8316
6358
68420
57592
66994
3883
58082
10846
15774
65362
22552
3575
32972
10923
64482
6534
13530
41452
16555
20482
4774
69380
37492
13200
69440
60542
65722
13970
47262
46022
48622
1837
25332
16885
21092
46012
4268
67048
40902
16115
10274
67646
30762
41582
52782
53032
47522
65372
66112
54222
26002
21092
29102
44792
31372
7678
36112
45872
55262
44912
4686
63842
21612
53042
67048
38202
54222
8547
26232
64952
55792
37512
48282
41702
25892
55782
9108
4191
60692
59622
65752
53132
50312
35432
11594
6787
23942
66589
66643
59932
60122
59182
13992
9284
37212
11539
69398
56482
16907
20792
59992
68258
49652
28512
605
21462
56722
24202
41492
68546
37642
58872
40152
726
55302
30132
42232
15136
9702
61682
44052
16984
65862
5258
4994
22312
58272
11979
17809
43352
10549
61592
60132
67093
26112
49252
59232
20702
56912
61382
28162
23402
12936
64312
11583
33442
8635
6303
1056
64462
24512
68270
43192
14960
57852
12001
20932
18172
42802
24062
7326
39152
40532
49752
16049
31682
51242
63582
34092
18117
35262
23002
13871
40272
11715
41972
57622
21762
53152
66372
62702
33022
26992
3069
57982
5302
67562
28122
26572
48342
21892
34422
28652
65032
47852
58002
24952
49972
9515
59972
49722
40792
39212
24872
6545
836
48732
66172
57592
35472
30512
19030
22622
3135
24902
62132
64772
60372
4807
43542
55712
10593
61102
22452
3091
10252
20242
65102
33522
21572
55892
2662
35812
53392
69596
37202
68426
65662
60752
24712
25042
38422
25912
46812
17314
60672
11220
10868
4400
14564
27452
63872
17831
67086
45765
16258
13618
32263
143
53561
62021
65099
51095
6446
69658
25388
60977
22220
52885
3982
12606
43105
29711
42801
32065
62642
46925
32692
36124
60293
33660
64721
31196
38555
32131
6237
1089
17864
48495
21307
13871
6974
4125
42570
37070
26279
3872
64388
49615
20449
63722
64226
49975
5764
69490
68680
25377
30294
42647
49785
33374
9086
28853
67030
7084
37554
64046
25465
46715
45025
64487
55280
14047
51475
67174
49465
8767
67382
8492
69700
65873
42284
38038
30899
26466
32461
42691
2464
40238
11693
61994
12331
42702
29634
53624
34408
63677
22836
69733
16929
53957
25311
34100
7634
63281
44115
33187
69660
31097
24706
30932
60626
32417
11011
50215
47915
26829
48735
30140
27456
39655
5918
41954
47595
54893
42779
6545
65486
19415
38852
58367
6270
62219
55937
31878
36168
58295
26048
50915
7502
56018
65495
68870
60401
54461
51555
44295
3355
5401
33528
1617
11704
58367
38577
57521
2772
52295
35486
29711
4532
3443
2772
49505
20735
23254
59420
33374
34045
49585
23023
47125
27676
20174
39457
23243
40524
3751
65135
54380
34144
36971
16665
23144
30404
54371
36795
13805
59726
53723
68225
935
47325
32626
17435
48355
19151
68410
23254
58295
39391
31449
26169
58932
13574
61661
43395
7194
47445
64865
68280
1045
50655
46485
64541
56180
63893
50125
59627
28314
62689
11319
18645
15257
10285
1650
35860
18161
39171
23903
44065
19976
62599
56335
60215
37818
58985
45345
47355
41723
66702
55725
67302
20867
28908
18073
13640
16434
24530
68898
58805
41272
33946
63445
21131
1221
20757
16632
68802
20240
59585
19404
1441
7590
62671
20284
48695
57865
19217
69518
1573
3333
68212
15906
18469
67390
12034
49705
12078
53815
6820
39842
52485
65734
68958
69530
46515
36938
63958
26994
8998
55765
12584
30481
2024
5258
47505
66542
23738
44075
44985
68770
22011
12507
16137
65942
36432
29392
29964
4081
28424
42658
12903
53315
60685
40238
23056
9614
62275
18876
51555
2937
57555
69690
27368
2519
47755
69210
52945
69710
19074
62509
56455
23892
35299
50145
15554
35519
24596
37356
1826
20724
5588
67897
57245
46405
4466
50885
17941
3245
39600
67582
45525
23991
572
64228
25388
50785
52725
68550
33308
30965
2871
69054
42823
63508
40986
45355
24574
68698
43105
30646
30932
33605
50615
46175
32989
38588
21131
825
47715
39193
55625
10648
8459
68466
68638
8800
65942
42251
58455
40018
69775
48785
5302
66614
8470
22396
57375
9042
32505
27797
63805
49425
21142
27027
33891
26488
68093
69626
67736
35761
39512
27071
67624
39083
25179
8888
38742
68510
64633
5500
35629
19360
35739
11044
45795
6886
56165
14047
20834
14124
13365
54075
51235
38390
42097
12892
6314
23606
60775
33737
2959
63589
1672
12914
14300
41184
66622
16731
13673
12342
68474
34199
9130
3839
67554
63751
41118
5456
66806
53885
13321
44675
43595
1331
21318
68394
23661
68954
35849
19052
51775
32285
12375
55945
39864
9240
42394
68170
67764
69198
14179
10978
17149
50605
4444
66734
42922
69702
18634
34991
68658
68422
28182
46105
31548
40370
23012
33385
29546
12760
68566
67230
52275
13409
50955
16137
69098
66790
62527
43415
69154
11341
65047
7997
63139
14839
23331
506
23144
17435
9625
33077
60305
69586
65614
28600
4851
55695
43525
51995
53565
29051
59385
8052
28094
20482
37026
67462
54435
35101
28138
31064
35838
2651
22275
62860
16401
57315
1749
8503
61456
23925
49575
22957
41910
29073
18304
18381
4697
47375
7117
37477
6919
5038
52745
36091
59245
23727
57225
40997
56475
69671
20229
12034
66182
8404
67166
65461
14377
25047
1012
29755
63850
49835
2090
58835
13288
3080
18755
11913
55455
68806
4994
20515
10527
50125
5456
46805
20713
54425
21560
9361
69110
14080
69610
16599
9042
24057
62041
22209
17017
35926
68670
67110
41129
28028
26268
19932
69258
38819
33308
38654
32923
28479
39578
1089
30734
12320
15554
43815
17182
55785
7656
63796
47255
58735
5236
51075
5951
21109
68305
6787
23155
36410
27247
65497
6204
42229
64804
55538
2574
39072
25124
62482
25124
14938
61726
58245
40733
35706
22044
62626
63130
58605
69314
51815
6380
51315
8030
38280
2200
42361
39314
3784
58225
55885
17171
50425
69398
50635
61096
43785
15675
40997
51035
21505
62824
2189
60465
60871
34947
49995
65806
42295
24387
30877
43275
67743
58005
21989
55355
2288
65590
57465
60952
61780
42985
20889
14267
20746
33759
65353
59425
41723
52245
17028
37334
60175
11132
33836
42196
10021
25916
64858
28523
41734
33352
20119
20922
8085
4444
34584
19734
62671
15521
46105
8833
18194
40106
43725
9405
66062
11869
63202
63742
5929
25817
48475
2860
27808
55075
55215
24167
15862
37939
66622
31504
44
61924
31548
57695
64678
39358
52305
1991
12177
64597
60675
57855
26125
24860
62401
14828
12375
40986
42064
27192
32296
51285
28622
67904
38214
30338
9295
42218
49075
6545
28622
61366
30767
13486
25245
46465
7480
49295
61555
68332
69494
32714
34650
54045
27654
69518
54525
7524
23958
65263
38269
17831
67262
23958
66718
6215
27885
11418
19921
62914
60065
24948
17094
11913
31735
62761
49255
48335
69268
64543
44135
43915
53125
45055
60345
36333
48775
50775
64039
5786
45995
40722
16027
17413
69722
66774
60215
50035
69498
69203
41261
59925
25377
3388
30558
43995
54745
33693
31416
39149
62395
45075
62880
14454
25212
23903
55655
67727
63312
46765
66211
4070
8514
68863
16280
40942
34375
11605
9537
48385
68715
67075
22000
58645
20746
22198
18623
16049
37378
46875
13343
33055
12309
46155
50225
36421
67267
66403
15895
35585
44235
62709
48365
66931
17435
22605
42995
21615
59165
40326
40689
51365
68579
2266
17820
14201
38357
18601
53515
51865
50825
53215
18854
19943
50035
48355
25905
32692
62727
46725
67171
10857
5412
6061
31889
4400
59235
32362
52455
26389
69692
29678
7722
54095
8261
9988
53355
51975
53865
21329
23738
55315
29370
67993
45065
10252
23265
69443
14003
36388
48245
67379
63645
45835
15862
27676
58445
28556
16313
36399
506
14366
51675
69761
64221
13838
45205
54655
35024
40832
26631
63843
6875
48235
16962
20977
67860
69686
7491
429
9779
8844
11880
36916
58485
29304
22880
27368
69003
63420
69287
54515
37862
41932
18623
27027
25641
34210
36465
34034
31185
47975
55645
39930
50235
38852
45205
44815
1386
25993
42724
24475
1254
8690
5423
25729
5258
8822
12936
44645
42614
47045
49505
10835
17600
528
56335
29084
16808
19712
43095
38159
61225
69811
30954
68000
20295
69542
48495
33198
23727
61495
30745
28556
43025
56605
27159
10868
48355
51695
34980
44445
30272
68711
12881
26521
50215
22913
12012
29744
29491
31174
59365
64068
28611
43435
56635
37048
28083
61185
33616
51455
28853
31625
53595
62646
35893
13266
10604
9559
60135
63132
60865
57215
1738
539
33572
51395
27445
64770
35332
54455
62055
67748
47985
57245
3102
57855
16115
37136
25861
5720
59665
65076
51105
31768
58145
34353
61435
36718
30360
11473
47085
67776
66435
26961
44095
19316
61865
42680
36157
30360
66003
54775
13420
60925
60485
14520
11990
69599
50445
64050
418
24156
40546
68971
6809
61445
22561
30646
45735
3971
13816
16005
15818
40832
220
61315
46485
20603
2827
41503
48775
64797
57605
15378
60935
41668
53025
51295
19470
59005
15169
26114
61585
28886
35585
48425
24640
17589
8371
12738
59465
6688
69575
1353
49295
25069
17072
37642
25069
52055
68392
24332
62565
4444
65355
69203
49405
36949
28391
9130
15840
16676
14652
55925
66059
2299
43965
12254
60905
53995
56955
18876
20350
25047
46815
56335
50515
60005
67515
14487
69674
34881
38995
35475
58265
143
9251
10879
53075
48695
54215
29821
23485
10395
47075
40293
45925
46355
46385
3036
66755
46845
11154
27929
2750
5192
27269
23760
69096
660
40920
23408
66451
13464
27841
19789
47125
45905
59065
18238
63366
11924
33759
27423
40898
6468
41217
69691
53065
68980
1727
31251
65355
1837
44585
28281
66179
54515
66467
37488
759
64194
64806
19041
44785
8657
69808
55785
1782
17556
13409
47995
9295
51915
46995
10076
26224
27291
55515
19547
41129
47815
69576
61585
1243
36586
69790
18909
69028
18997
8382
56875
56895
12309
20262
35310
69072
48195
19954
20185
10527
20636
21912
35090
41327
69673
37026
61705
5126
12551
60295
31130
26565
42108
43095
31053
20108
14784
32934
5665
17072
28787
19844
22594
43335
9856
66747
52485
43855
17732
25740
55635
57055
20405
64824
59875
52285
8943
39842
35398
29887
18634
49125
19305
6666
21043
11649
2343
33660
22231
38731
32076
34199
43665
12122
2981
52745
65175
67227
42053
69649
28325
64527
62673
30756
45115
59975
30140
9471
50675
62335
27544
5104
38830
42975
55555
16049
16401
14135
5753
33781
47065
39017
56105
25267
5566
33231
38753
69884
46925
63807
26103
33858
43745
64221
62889
14872
68782
6688
65835
22110
16269
48485
52385
51155
45195
44295
68315
22330
53445
16489
41833
58925
869
48295
20702
40304
58875
24266
46885
51215
50235
8041
59335
3014
4488
31460
68957
42537
28457
8987
33638
44155
58405
69808
8052
16841
36168
42273
14652
49605
13552
48235
55845
35882
2222
1969
2398
19767
48505
31042
18667
67411
60605
13860
14685
24640
31031
6666
31570
14608
40381
43285
17820
63843
53485
34584
63096
49815
18568
6391
49675
37697
27115
13948
48525
63951
45175
43685
49905
8998
49785
3729
65526
69870
35937
68672
69588
65915
22869
28567
33011
49305
46865
37664
68070
2860
2079
67706
32725
68722
17116
1694
46575
33957
638
54715
41404
49035
47195
1925
14575
8943
49435
14058
46145
62772
69420
58885
22748
42669
20306
4950
26213
63996
6039
57495
69340
40524
48685
44645
3850
31240
64041
67762
5137
23364
63987
30602
31669
62916
11154
55525
15510
47855
67825
22341
17248
13937
12573
19679
33374
13827
46615
1936
42185
14344
10439
36399
45725
12661
28897
24926
17259
43255
20823
18887
67860
627
61725
38005
28039
33957
25322
46405
770
25982
62673
41646
69152
297
11429
60505
55665
52355
52615
65923
60165
58005
21593
34936
28303
30745
2167
23419
45255
47995
69144
29381
35068
51805
37994
43645
19250
10516
60785
8877
16841
12254
28193
11627
55705
18040
24904
34243
31119
1870
42493
803
57385
41602
20845
36960
49935
35849
45855
41800
17314
34628
55355
29227
49945
52305
12012
11748
41943
52685
32835
25476
40920
46305
67435
32153
25685
69314
41679
4818
34914
2640
22792
48345
34540
67706
37818
27808
62055
38764
37103
41624
68147
4422
52095
16236
33429
34397
32461
38445
18469
16896
59325
67734
32065
30668
55855
66307
51185
46085
5676
41195
55925
65418
36157
22638
27148
57515
18007
40898
60685
67720
16896
62195
68537
27258
30602
40810
7898
41998
69751
36212
30272
12925
4114
16907
37334
33297
36531
23804
19030
27445
51195
44235
69300
10285
64797
23309
61615
52285
61045
53925
48555
17490
45695
29315
63816
44745
22198
55805
10780
63366
50655
37664
60885
54945
43535
69700
67507
52535
43615
40568
46265
42746
64617
21153
68509
8976
9779
61235
66531
11341
22473
32505
52185
33352
24596
52085
6787
60145
30327
18612
50485
28974
14377
1001
44475
58625
56715
43955
20240
58335
17237
528
24101
68992
63222
572
8250
50195
46765
38731
49085
11682
69052
8547
67051
37554
60005
34056
48495
20966
69188
5610
22605
51605
5753
63951
35662
30426
53495
40700
11902
67713
3157
25663
66843
46165
22715
31471
1474
28556
36190
1177
58365
3575
65562
23408
49415
24035
34507
41283
55265
35332
49585
8294
30701
69802
13255
16731
3784
9438
22176
11407
64329
45935
61465
12089
50275
13288
12155
62175
54085
5214
49875
7579
57505
59805
52095
17347
64788
40425
56315
4862
46415
48395
5049
1496
23903
37378
13079
69416
42812
21934
42812
66627
1012
62925
37004
9581
28996
26389
39501
1353
23991
6105
35640
4994
44835
6127
68203
53385
49065
28831
61735
13904
67986
18568
30404
42625
13530
1848
68196
50555
10747
29832
53165
69685
37246
66387
10736
53065
56115
45525
32153
59035
8723
37455
4763
38775
63231
59945
64329
48525
51355
43235
25113
11550
59175
32516
65679
63492
23584
1166
50665
23914
18997
25212
33253
65076
50415
66395
22693
69460
21758
41107
65229
62205
60315
18051
28182
57055
2574
9812
66427
12903
59245
60135
6160
45565
37323
16621
45975
62718
64896
58605
33396
25069
41481
30327
68483
69356
56135
28193
37708
16544
11484
30844
69240
32109
38236
32637
45305
64824
2332
57185
52795
40986
62145
4554
53575
58755
3586
660
8162
56885
19184
33539
60475
60445
63204
5467
21725
69640
66627
16830
28270
3762
48425
68280
47585
24750
10824
55055
35585
35343
39589
50955
61005
24541
18205
39281
44185
50495
34716
48365
12111
37565
22154
67547
11132
65436
1056
63708
50095
37246
60385
65891
55155
36355
55735
8558
4499
38368
15059
60445
22759
54525
41800
69300
5808
6270
47225
9185
18315
60155
69436
29425
49165
60795
48925
2541
35145
10835
66019
38742
3575
69238
41679
39149
46935
69480
57325
38115
6820
1672
61275
27060
69790
45915
53615
62844
49445
42130
13266
54145
29381
28787
22902
3223
40150
8811
36355
7854
40084
9658
45715
62405
14663
17171
1067
18436
58395
10670
41360
8998
49455
26873
11
67003
55225
28985
15180
49355
17930
19591
41569
31174
52535
31713
45395
66179
54855
52345
53095
60365
7546
5126
57915
50155
58915
51525
69336
31548
16973
50095
51855
35981
69180
16170
16258
14597
1463
26246
45445
53695
36784
36641
9999
26928
52455
8261
19305
9361
28985
58985
8327
13255
36509
27753
53295
52195
21582
53865
19294
50215
57665
56915
22440
61805
62871
7205
5489
34804
69408
61325
14168
30591
8712
13101
60645
59685
15455
34628
9548
53845
33649
7546
7964
45645
8492
46095
64590
2981
58825
68413
52445
59895
11
29282
60675
50795
22407
6985
38390
54145
47685
64167
12804
64275
28072
5940
57155
6435
3135
63708
68762
41162
60955
28281
19041
19745
61415
69444
11682
10923
16214
26246
69068
14223
18216
7238
65400
61995
21307
52615
40249
66987
37587
12562
66419
15873
54105
50815
16291
29799
64797
14157
45955
68752
66491
66851
66491
59345
28600
64599
44495
25267
42152
41492
39512
60875
49165
20856
57395
69736
50165
3905
35233
60585
67867
11077
18447
34386
56365
65229
26004
40436
69016
6864
31658
69392
2057
1001
20812
35948
4444
40766
8426
68777
374
51435
69839
53115
68252
59215
22330
41877
8426
4818
64662
23463
55625
9405
67832
4169
24596
31295
45295
28006
50595
33638
61345
21978
26565
56275
32417
26224
69524
23078
5236
58165
33286
63915
52545
50345
43985
47775
56365
23815
25487
9669
10879
57815
61445
54085
19954
1639
10450
67091
14751
59485
5478
29876
45875
33121
56715
37521
561
4477
65915
62700
65553
60025
69487
36685
50115
16104
35948
47945
33286
24211
60235
24519
23562
2772
17886
34012
38665
65763
62889
63222
24123
19129
10142
7326
55405
14410
37059
54355
65739
69196
47765
27610
51885
10131
64878
48695
60535
26257
43375
66955
28050
63492
59655
67635
57225
28050
1441
2343
46355
29051
28281
66419
62155
6281
69892
46495
11880
24167
68892
49485
61755
42746
43765
49405
33088
9306
4334
55385
33638
20229
3157
34056
52705
27830
58085
67619
45035
26477
2442
9097
10725
62655
27412
10219
47905
69822
4235
28864
65184
52835
59595
43405
34056
56195
19217
63924
53285
9922
42394
68521
5874
1199
56655
63942
47185
35486
3267
67923
37411
66603
13816
15444
62637
14971
23551
52235
68677
36597
56155
43245
4334
8844
25278
17292
43705
11319
28688
18007
55665
48425
47385
12155
27533
65553
49255
42856
45385
44
42911
52665
35937
38841
2013
69487
69296
46065
10043
42636
11495
37763
42955
60485
48265
7667
66323
44485
68308
30349
41030
69742
9999
2827
69352
68434
4675
48775
10120
26136
57945
66323
68862
31350
17094
67741
22924
39204
69484
45865
69420
47005
69232
45005
33187
38060
28336
43455
53735
8063
15763
49925
28831
38621
539
20680
6611
6171
49075
30811
53695
50445
32637
27445
29326
17435
57075
59285
61785
31768
41140
68737
35805
51785
6105
6259
19932
59025
18018
26917
29161
37642
55325
53535
65955
15367
15290
24673
68077
61625
38225
7700
49215
67187
31284
49685
30822
12188
31427
30052
52945
58235
18535
55855
9306
19723
41800
35904
67685
34683
59135
62934
26224
34287
29381
25718
30591
11660
69625
39578
33495
37378
50535
35541
63771
47645
37576
40524
10725
3597
8987
61505
4004
50965
2486
10835
33165
46125
16456
9482
38412
17578
12243
46535
56575
40909
52365
39875
15389
8635
14894
67555
50195
65508
57255
23815
14344
53655
1804
33187
46815
59185
6281
34573
10351
19305
17116
52745
21670
34100
9097
19943
14960
47445
28160
66603
5863
1661
12518
7986
26004
12430
61485
45265
69160
46915
55445
69120
429
43475
57875
60495
22330
46995
6820
64833
63564
13607
28138
69396
52015
44915
16071
42273
37741
51465
66971
43835
6941
19580
60635
19811
27610
33407
20845
43125
69040
67685
66943
67171
35321
41954
48425
43885
67379
60615
15059
2178
22748
