413651674760321
413651674760321
413651674760321
413651674760321
413651674760321
413651674760321
413651674760321
413651674760321
413651674760321
413651674760321
413651674760321
413651674760321
413651674760321
413651674760321
413651674760321
413651674760321
413651674760330
413651674760330
413651674760330
413651674760330
413651674760330
413651674760330
413651674760330
413651674760330
413651674760330
413651674760330
413651674760330
413651674760330
413651674760330
413651674760330
413651674760330
413651674760330
413651674760330
413651674760330
413651674763252
413651674763253
413651674763253
413651674763253
413651674766175
413651674766175
413651674766175
413651674766175
413651674766175
413651674766175
413651674766175
413651674766175
413651674766175
413651674766175
413651674766175
413651674766175
413651674766175
413651674766175
413651674766175
413651674766175
413651674766175
413651674766175
413651674766175
413651674766175
413651674766175
413651674766175
413651674766175
413651674766175
413651674766175
413651674766175
413651674766175
413651674766175
413651674766175
413651674766175
413651674766175
413651674766175
413651674766175
413651674766175
413651674766175
413651674766175
413651674766175
413651674766175
413651674766175
413651674766175
413651674766175
413651674766175
413651674766175
413651674766175
413651674766175
413651674766175
413651674766175
413651674766175
413651674769097
413651674769097
413651674769097
413651674769097
413651674769097
413651674769097
413651674769097
413651674769097
413651674769097
413651674769097
413651674769097
413651674769097
413651674769097
413651674769097
413651674782528
413651674782528
413651674782528
413651674782528
413651674782528
413651674782529
413651674782529
413651674782529
413651674782529
413651674782529
413651674782529
413651674782529
413651674782530
413651674782530
413651674782530
413651674782530
413651674782530
413651674782530
413651674782530
413651674782530
413651674782536
413651674785458
413651674785458
413651674785458
413651674785458
413651674788380
413651674788380
413651674788380
413651674788380
413651674788380
413651674788380
413651674788380
413651674791302
413651674791302
413651674791302
413651674791302
413651674794224
413651674794224
413651674794224
413651674794224
413651674807663
413651674807663
413651674807663
413651674807663
413651674807663
413651674807663
413651674807663
413651674807663
413651674807663
413651674807663
413651674807663
413651674807663
413651674807663
413651674807663
413651674807663
413651674821094
413651674821094
413651674821094
413651674821094
413651674821094
413651674821094
413651674821094
413651674821094
413651674821094
413651674821094
413651674821095
413651674821095
413651674821095
413651674821095
413651674821095
413651674821095
413651674821095
413651674821095
413651674861388
413651674861388
413651674861388
413651674861388
413651674861388
413651674861388
413651674861388
413651674864310
413651674864310
413651674864310
413651674864310
413651674864310
413651674864310
413651674864310
413651674864310
413651674877741
413651674891172
413651674891172
413651674891172
413651674891172
413651674891172
413651674891172
413651674891172
413651674891172
413651674891172
413651674891172
413651674891172
413651674891172
413651674891172
413651674891173
413651674891173
413651674891173
413651674891173
413651674891173
413651674891173
413651674891173
413651674891173
413651674891173
413651674891173
413651674891173
413651674891173
413651674891173
413651674891173
413651674891173
413651674891173
413651674891173
413651674891173
413651674891173
413651674891173
413651674891173
413651674891173
413651674891173
413651674891173
413651674891173
413651674891173
413651674891173
413651674891173
413651674891173
413651674891173
413651674891173
413651674891173
413651674891173
413651674891173
413651674891173
413651674891173
413651674891173
413651674891173
413651674891173
413651674891173
413651674891173
413651674891173
413651674891173
413651674891173
413651674891173
413651674891173
413651674891173
413651674891173
413651674891173
413651674891173
413651674891173
413651674891173
413651674891173
413651674891173
413651674891173
413651674891173
413651674891173
413651674891173
413651674891173
413651674891173
413651674891173
413651674891173
413651674891173
413651674891173
413651674891182
413651674894104
413651674894104
413651674894104
413651674894104
413651674894104
413651674894104
413651674894104
413651674894104
413651674894104
413651674894104
413651674894104
413651674894104
413651674894104
413651674894104
413651674894104
413651674894104
413651674894104
413651674894104
413651674894104
413651674894104
413651674894104
413651674894111
413651674894111
413651674894111
413651674897033
413651674897034
413651674897034
413651674897034
413651674897035
413651674897035
413651674897035
413651674897035
413651674897035
413651674897035
413651674897035
413651674897035
413651674897035
413651674897035
413651674897035
413651674897035
413651674897035
413651674897035
413651674897035
413651674897035
413651674897035
413651674897035
413651674897035
413651674897035
413651674897035
413651674897035
413651674897035
413651674897035
413651674897035
413651674897035
413651674897036
413651674897036
413651674897036
413651674897036
413651674897036
413651674897036
413651674897036
413651674897036
413651674897036
413651674897036
413651674897036
413651674897036
413651674897036
413651674897036
413651674897036
413651674897036
413651674897036
413651674897036
413651674897036
413651674897036
413651674897036
413651674897036
413651674897036
413651674897036
413651674897036
413651674897036
413651674897036
413651674897036
413651674897036
413651674897036
413651674897036
413651674897036
413651674897036
413651674897036
413651674899958
413651674899958
413651674899958
413651674899958
413651674899958
413651674899958
413651674899958
413651674899958
413651674899958
413651674913389
413651674913391
413651674913391
413651674913391
413651674916313
413651674916313
413651674916313
413651674916313
413651674916313
413651674916313
413651674916313
413651674916313
413651674916313
413651674916313
413651674916313
413651674916313
413651674916313
413651674916313
413651674916313
413651674916313
413651674916313
413651674916313
413651674916313
413651674916313
413651674916313
413651674916313
413651674916313
413651674916313
413651674916313
413651674916313
413651674916313
413651674916313
413651674916313
413651674916313
413651674916313
413651674916313
413651674916313
413651674916313
413651674916313
413651674916313
413651674916318
413651674929754
413651674929754
413651674929754
413651674929754
413651674929754
413651674929754
413651674929754
413651674929754
413651674929754
413651674929754
413651674929754
413651674929754
413651674929754
413651674929754
413651674929754
413651674929754
413651674929754
413651674929754
413651674929754
413651674929754
413651674929754
413651674929754
413651674929754
413651674929754
413651674929754
413651674929754
413651674932676
413651674946107
413651674946119
413651674946119
413651674946119
413651674946119
413651674946119
413651674946119
413651674946119
413651674946119
413651674946119
413651674946119
413651674946119
413651674946119
413651674946119
413651674946119
413651674949040
413651674949040
413651674949040
413651674949040
413651674949040
413651674949040
413651674949040
413651674951987
413651674951987
413651674951987
413651674951987
413651674951987
413651674951987
413651674951987
413651674951987
413651674951987
413651674951987
413651674951990
413651674951990
413651674951990
413651674951990
413651674951990
413651674951990
413651674951990
413651674951990
413651674951990
413651674951990
413651674951990
413651674951990
413651674951990
413651674951990
413651674951990
413651674951990
413651674951990
413651674951990
413651674951990
413651674951990
413651674951990
413651674951990
413651674951990
413651674951993
413651674951993
413651674951993
413651674951993
413651674954915
413651674954915
413651674954915
413651674968346
413651674968346
413651674968346
413651674968346
413651674968346
413651674968346
413651674968346
413651674968346
413651674968346
413651674968346
413651674968346
413651674968346
413651674968346
413651674968346
413651674968346
413651674968346
413651674968346
413651674968346
413651674968346
413651674968346
413651674968346
413651674968346
413651674968346
413651674968346
413651674968346
413651674968346
413651674968346
413651674968346
413651674968346
413651674968346
413651674968346
413651674968346
413651674968346
413651674968346
413651674968346
413651674968346
413651674968346
413651674968349
413651674968349
413651674968349
413651674968349
413651674968349
413651674968349
413651674968349
413651674968349
413651674968349
413651674968349
413651674968349
413651674968349
413651674968349
413651674968349
413651674968349
413651674968349
413651674968349
413651674968349
413651674974193
413651674977115
413651674977115
413651674977115
413651674977115
413651674977115
413651674977115
413651674977115
413651674977115
413651674977115
413651674977115
413651674977115
413651674977115
413651674977115
413651674990546
413651674990546
413651674990546
413651674990546
413651674990546
413651674990546
413651674990550
413651674990550
413651674990550
413651674990550
413651674990550
413651674990550
413651674990550
413651674990550
413651674990550
413651674990550
413651674990550
413651674990550
413651674990550
413651674990550
413651674990555
413651674990555
413651674990555
413651674990555
413651674990555
413651674990555
413651674990555
413651675003986
413651675003986
413651675003986
413651675003986
413651675003986
413651675003986
413651675003986
413651675003986
413651675003986
413651675003986
413651675003986
413651675003986
413651675003986
413651675003986
413651675003986
413651675003986
413651675003986
413651675003986
413651675003986
413651675003986
413651675020339
413651675020339
413651675020339
413651675020339
413651675020339
413651675020339
413651675020339
413651675020339
413651675020339
413651675033770
413651675033770
413651675033770
413651675033770
413651675033770
413651675033770
413651675033770
413651675033770
413651675033770
413651675033770
413651675033770
413651675033770
413651675033770
413651675033770
413651675033770
413651675033770
413651675033770
413651675033770
413651675033770
413651675033770
413651675033770
413651675033770
413651675033770
413651675033770
413651675033770
413651675033770
413651675033770
413651675033770
413651675033770
413651675033770
413651675033770
413651675033770
413651675033770
413651675033770
413651675033770
413651675033770
413651675033770
413651675033770
413651675033770
413651675033770
413651675033770
413651675033770
413651675033770
413651675033770
413651675033770
413651675033770
413651675033770
413651675033770
413651675033770
413651675033770
413651675033770
413651675036692
413651675036692
413651675036692
413651675036692
413651675036692
413651675036692
413651675036692
413651675036692
413651675036692
413651675036692
413651675036692
413651675036692
413651675036692
413651675036692
413651675036692
413651675036692
413651675036692
413651675036692
413651675036692
413651675036692
413651675036692
413651675036692
413651675036692
413651675036692
413651675036692
413651675036692
413651675036692
413651675036692
413651675036692
413651675036692
413651675036692
413651675050123
413651675050123
413651675050123
413651675050123
413651675050123
413651675050123
413651675050123
413651675050123
413651675050123
413651675050123
413651675050123
413651675050123
413651675050123
413651675050123
413651675050123
413651675050123
413651675053045
413651675053045
413651675053045
413651675053045
413651675053045
413651675053045
413651675053045
413651675053045
413651675053045
413651675053045
413651675053045
413651675053045
413651675053055
413651675053055
413651675053055
413651675053055
413651675053055
413651675053055
413651675053055
413651675053055
413651675053055
413651675053055
413651675053055
413651675053055
413651675053055
413651675053055
413651675053055
413651675053055
413651675053055
413651675053055
413651675053055
413651675053055
413651675053055
413651675053055
413651675066490
413651675079922
413651675079922
413651675079922
413651675079922
413651675079922
413651675079922
413651675079922
413651675079922
413651675079922
413651675079926
413651675079926
413651675079926
413651675079926
413651675079926
413651675079926
413651675082848
413651675082848
413651675082848
413651675082848
413651675082848
413651675082848
413651675082848
413651675082848
413651675082853
413651675082853
413651675082853
413651675082853
413651675082853
413651675082853
413651675082853
413651675082853
413651675082853
413651675082853
413651675082853
413651675082855
413651675082855
413651675082855
413651675082855
413651675082855
413651675082855
413651675082855
413651675082855
413651675082855
413651675082855
413651675082855
413651675082855
413651675082855
413651675082855
413651675082856
413651675082856
413651675082856
413651675082856
413651675082856
413651675082857
413651675082857
413651675082857
413651675082857
413651675082857
413651675082857
413651675082857
413651675082858
413651675082858
413651675082858
413651675082858
413651675082858
413651675082858
413651675082858
413651675082858
413651675082858
413651675082858
413651675082858
413651675082858
413651675082858
413651675082858
413651675082872
413651675082872
413651675082872
413651675082872
413651675082872
413651675082872
413651675082873
413651675082873
413651675082873
413651675082873
413651675082873
413651675082873
413651675082873
413651675082873
413651675082873
413651675082873
413651675096304
413651675096304
413651675096304
413651675096304
413651675096304
413651675096304
413651675096304
413651675096304
413651675096314
413651675096314
413651675096314
413651675096314
413651675096314
413651675096314
413651675096314
413651675096314
413651675096314
413651675096314
413651675096314
413651675096314
413651675096314
413651675096314
413651675096314
413651675096314
413651675096314
413651675096315
413651675096315
413651675096315
413651675096315
413651675096315
413651675096327
413651675096327
413651675096327
413651675096327
413651675096327
413651675096327
413651675096327
413651675096327
413651675096327
413651675096328
413651675096328
413651675096328
413651675096329
413651675096329
413651675096329
413651675096329
413651675096329
413651675096329
413651675096329
413651675096329
413651675096329
413651675096329
413651675096329
413651675096329
413651675096329
413651675096329
413651675123191
413651675123191
413651675123216
413651675123216
413651675123216
413651675123216
413651675123216
413651675123216
413651675123216
413651675123216
413651675123216
413651675123216
413651675123216
413651675123216
413651675123216
413651675136647
413651675136647
413651675136647
413651675136647
413651675136647
413651675136647
413651675136647
413651675136647
413651675136647
413651675136647
413651675136647
413651675136647
413651675136647
413651675136647
413651675136647
413651675136647
413651675136647
413651675136647
413651675136647
413651675136647
413651675136647
413651675136647
413651675136647
413651675136647
413651675136647
413651675136647
413651675136647
413651675136647
413651675136647
413651675136647
413651675136647
413651675136647
413651675136647
413651675136647
413651675136647
413651675136647
413651675136647
413651675136647
413651675136647
413651675136647
413651675136647
413651675136647
413651675136647
413651675142491
413651675142491
413651675142491
413651675142491
413651675142491
413651675142491
413651675142491
413651675142491
413651675142491
413651675155922
413651675155922
413651675155922
413651675155922
413651675155922
413651675155922
413651675155922
413651675158844
413651675158844
413651675158844
413651675158844
413651675158844
413651675158844
413651675158844
413651675158844
413651675158844
413651675158844
413651675158844
413651675158844
413651675158844
413651675158844
413651675158844
413651675158844
413651675158844
413651675158844
413651675158844
413651675158844
413651675158844
413651675158844
413651675158844
413651675172275
413651675172280
413651675172280
413651675172280
413651675172280
413651675172280
413651675172280
413651675172281
413651675172281
413651675172281
413651675172281
413651675172281
413651675172281
413651675172281
413651675172281
413651675172281
413651675172281
413651675172281
413651675172281
413651675172281
413651675172281
413651675172281
413651675172281
413651675172281
413651675172281
413651675172281
413651675172281
413651675172281
413651675172281
413651675172281
413651675172281
413651675172281
413651675172281
413651675172281
413651675172281
413651675172281
413651675175203
413651675175203
413651675188634
413651675188634
413651675188634
413651675188634
413651675188634
413651675188634
413651675188634
413651675188634
413651675188634
413651675188634
413651675188634
413651675188634
413651675188634
413651675188634
413651675188634
413651675188634
413651675188634
413651675202065
413651675202065
413651675202065
413651675202065
413651675202065
413651675202065
413651675202065
413651675202065
413651675202065
413651675202069
413651675202069
413651675202069
413651675202069
413651675202069
413651675202069
413651675202069
413651675202069
413651675202069
413651675202069
413651675202074
413651675202074
413651675202074
413651675202074
413651675202074
413651675202074
413651675202074
413651675202074
413651675202074
413651675202074
413651675202074
413651675202074
413651675202074
413651675202074
413651675202074
413651675202074
413651675202074
413651675202074
413651675202074
413651675202074
413651675202074
413651675202074
413651675202082
413651675202082
413651675202082
413651675202082
413651675202082
413651675202082
413651675202082
413651675202082
413651675202082
413651675202082
413651675202084
413651675202084
413651675202084
413651675202084
413651675202084
413651675202084
413651675215515
413651675215515
413651675215515
413651675228946
413651675228946
413651675228946
413651675228946
413651675228946
413651675228946
413651675228946
413651675228946
413651675228946
413651675228946
413651675228946
413651675228946
413651675228946
413651675228946
413651675231868
413651675231868
413651675231868
413651675231868
413651675231868
413651675231868
413651675231868
413651675231868
413651675231868
413651675231868
413651675231868
413651675231868
413651675231868
413651675231868
413651675231868
413651675231868
413651675231868
413651675231868
413651675231868
413651675231868
413651675231868
413651675231868
413651675231868
413651675231868
413651675231868
413651675231868
413651675231868
413651675231870
413651675231870
413651675231870
413651675231870
413651675231870
413651675231870
413651675234792
413651675234792
413651675234792
413651675234792
413651675234792
413651675234792
413651675234792
413651675234792
413651675234792
413651675234792
413651675234792
413651675234792
413651675234792
413651675234792
413651675234792
413651675234792
413651675234792
413651675234792
413651675234792
413651675234792
413651675234792
413651675234792
413651675234792
413651675234792
413651675234792
413651675234792
413651675234792
413651675234792
413651675234792
413651675234792
413651675234792
413651675234792
413651675234792
413651675234792
413651675234792
413651675234792
413651675234792
413651675234792
413651675234792
413651675234792
413651675248223
413651675248223
413651675248223
413651675248223
413651675248223
413651675261654
413651675261654
413651675261654
413651675261654
413651675261654
413651675261654
413651675261654
413651675261654
413651675261654
413651675261654
413651675261654
413651675261654
413651675261654
413651675261655
413651675261655
413651675261655
413651675261655
413651675261655
413651675261655
413651675261655
413651675261655
413651675261655
413651675261655
413651675261655
413651675261655
413651675261655
413651675261655
413651675261655
413651675261655
413651675261655
413651675261655
413651675261655
413651675261655
413651675261655
413651675261655
413651675261655
413651675261655
413651675261655
413651675261655
413651675261655
413651675261655
413651675261655
413651675261655
413651675261655
413651675261656
413651675261657
413651675261657
413651675261657
413651675261657
413651675261657
413651675261657
413651675261657
413651675261657
413651675261657
413651675261657
413651675261657
413651675261657
413651675261657
413651675261657
413651675261657
413651675261657
413651675261672
413651675261672
413651675261672
413651675261672
413651675261672
413651675261672
413651675261672
413651675261672
413651675261672
413651675261672
413651675261672
413651675261672
413651675261672
413651675261672
413651675261672
413651675261672
413651675261672
413651675261672
413651675261672
413651675261672
413651675261672
413651675261672
413651675261672
413651675261672
413651675261672
413651675261672
413651675261672
413651675261672
413651675261672
413651675261672
413651675261672
413651675261672
413651675261672
413651675261672
413651675261672
413651675261673
413651675261673
413651675261673
413651675261673
413651675261673
413651675261673
413651675261673
413651675261673
413651675261673
413651675261673
413651675261673
413651675261673
413651675261673
413651675261673
413651675261677
413651675261677
413651675261677
413651675261687
413651675261687
413651675261687
413651675261687
413651675261687
413651675261687
413651675261687
413651675261687
413651675264609
413651675278040
413651675278040
413651675278040
413651675278040
413651675278040
413651675278040
413651675278040
413651675280962
413651675280962
413651675280962
413651675280962
413651675280962
413651675280962
413651675280962
413651675280962
413651675280962
413651675280962
413651675280962
413651675280962
413651675280962
413651675280962
413651675280962
413651675280962
413651675280962
413651675280962
413651675280962
413651675280962
413651675280962
413651675280962
413651675280962
413651675280962
413651675280962
413651675280962
413651675280962
413651675280962
413651675280962
413651675280962
413651675280962
413651675280962
413651675280962
413651675280962
413651675280962
413651675280962
413651675294393
413651675294393
413651675294405
413651675294405
413651675294405
413651675294405
413651675294405
413651675294405
413651675294409
413651675294409
413651675294409
413651675294409
413651675294409
413651675294409
413651675294409
413651675294409
413651675294409
413651675294409
413651675294409
413651675294409
413651675294409
413651675294409
413651675294409
413651675294409
413651675294409
413651675294409
413651675294409
413651675294409
413651675294409
413651675294409
413651675294409
413651675294409
413651675294409
413651675294409
413651675294409
413651675294409
413651675294409
413651675294409
413651675294409
413651675294409
413651675294434
413651675294434
413651675294434
413651675294434
413651675294434
413651675294434
413651675294434
413651675294434
413651675294434
413651675294434
413651675294434
413651675294434
413651675294434
413651675294437
413651675294437
413651675294437
413651675294437
413651675294437
413651675294437
413651675294437
413651675294440
413651675294440
413651675294440
413651675294440
413651675294440
413651675294440
413651675294440
413651675307871
413651675307871
413651675307871
413651675307871
413651675307871
413651675310793
413651675310793
413651675310793
413651675310793
413651675310793
413651675310793
413651675310797
413651675310797
413651675310797
413651675310797
413651675310797
413651675310797
413651675310797
413651675310797
413651675310797
413651675310797
413651675310797
413651675310797
413651675310797
413651675310797
413651675310797
413651675310797
413651675310797
413651675310801
413651675310801
413651675310801
413651675310801
413651675310801
413651675310801
413651675310801
413651675310801
413651675310801
413651675310801
413651675310801
413651675310801
413651675310801
413651675310801
413651675310801
413651675324232
413651675324232
413651675324232
413651675324232
413651675324232
413651675324232
413651675324232
413651675324232
413651675327154
413651675327154
413651675327154
413651675327154
413651675327154
413651675327154
413651675327154
413651675327154
413651675327154
413651675327154
413651675327154
413651675327154
413651675327154
413651675327154
413651675327154
413651675327154
413651675327154
413651675327154
413651675327154
413651675327154
413651675327154
413651675327156
413651675327156
413651675327156
413651675327156
413651675327156
413651675327156
413651675327156
413651675327156
413651675327156
413651675327156
413651675327156
413651675327156
413651675327156
413651675327156
413651675327156
413651675327156
413651675327156
413651675327156
413651675327156
413651675327156
413651675327156
413651675327156
413651675327156
413651675327156
413651675327156
413651675327156
413651675327156
413651675327156
413651675327156
413651675327156
413651675327156
413651675327168
413651675327168
413651675327168
413651675327169
413651675327169
413651675327169
413651675327169
413651675327169
413651675327169
413651675327169
413651675327169
413651675327169
413651675327169
413651675327177
413651675327177
413651675327177
413651675327177
413651675327177
413651675327177
413651675327177
413651675327177
413651675330099
413651675330099
413651675330099
413651675330099
413651675330099
413651675343530
413651675343530
413651675343530
413651675346452
413651675346452
413651675346452
413651675346452
413651675346452
413651675349374
413651675349374
413651675349374
413651675349374
413651675349374
413651675349374
413651675349374
413651675349374
413651675349374
413651675349374
413651675349374
413651675349374
413651675362805
413651675362805
413651675362805
413651675362805
413651675362805
413651675362805
413651675362805
413651675362805
413651675362805
413651675362805
413651675362805
413651675362805
413651675362805
413651675362805
413651675362805
413651675362805
413651675362805
413651675362805
413651675362805
413651675362805
413651675362805
413651675362805
413651675362805
413651675362805
413651675362805
413651675362808
413651675362808
413651675362808
413651675362808
413651675362808
413651675362808
413651675362808
413651675362808
413651675362818
413651675362818
413651675362818
413651675362818
413651675362833
413651675362833
413651675362833
413651675362833
413651675362833
413651675376264
413651675376264
413651675376264
413651675376264
413651675376264
413651675379186
413651675379186
413651675379186
413651675379186
413651675379186
413651675379186
413651675379186
413651675379186
413651675379186
413651675379186
413651675379186
413651675379186
413651675379210
413651675379210
413651675379210
413651675379210
413651675379210
413651675379210
413651675379210
413651675379210
413651675379210
413651675379210
413651675379210
413651675379210
413651675379229
413651675379229
413651675379229
413651675379229
413651675379229
413651675379229
413651675379229
413651675379229
413651675379229
413651675379229
413651675379229
413651675379229
413651675379230
413651675379230
413651675379230
413651675379230
413651675379230
413651675379230
413651675379230
413651675379230
413651675379230
413651675379230
413651675379230
413651675379230
413651675379230
413651675379230
413651675379230
413651675379230
413651675379230
413651675379230
413651675379230
413651675379230
413651675379230
413651675379230
413651675379230
413651675379230
413651675379230
413651675379230
413651675379230
413651675379230
413651675379230
413651675379230
413651675379231
413651675379231
413651675379231
413651675379231
413651675379231
413651675379231
413651675379231
413651675379231
413651675379231
413651675379231
413651675379231
413651675379231
413651675379231
413651675379231
413651675379231
413651675379232
413651675379232
413651675382154
413651675382154
413651675382154
413651675382154
413651675382154
413651675382154
413651675382154
413651675382154
413651675382154
413651675382154
413651675382154
413651675382154
413651675382154
413651675382154
413651675382154
413651675382154
413651675382154
413651675382154
413651675382154
413651675382154
413651675382154
413651675382154
413651675382154
413651675382154
413651675382154
413651675382154
413651675382154
413651675382154
413651675382154
413651675382154
413651675382154
413651675409016
413651675409016
413651675409016
413651675409016
413651675409016
413651675409016
413651675409016
413651675409016
413651675409016
413651675409016
413651675411938
413651675411938
413651675411938
413651675411938
413651675411938
413651675411938
413651675411938
413651675411938
413651675411938
413651675411938
413651675411938
413651675411938
413651675411938
413651675411938
413651675411938
413651675411938
413651675411938
413651675411938
413651675411938
413651675411938
413651675411938
413651675411938
413651675411938
413651675411938
413651675411939
413651675411939
413651675411939
413651675411939
413651675411939
413651675411939
413651675411939
413651675411939
413651675411939
413651675411939
413651675411939
413651675411943
413651675411943
413651675411943
413651675411943
413651675411943
413651675411943
413651675411943
413651675411943
413651675411943
413651675411943
413651675411943
413651675411943
413651675411943
413651675411943
413651675411943
413651675411943
413651675411943
413651675411943
413651675411943
413651675411943
413651675411943
413651675411943
413651675411943
413651675411943
413651675411943
413651675411943
413651675411943
413651675411943
413651675411943
413651675411943
413651675411943
413651675411943
413651675411943
413651675411943
413651675411943
413651675411943
413651675411943
413651675411943
413651675411943
413651675411943
413651675411943
413651675411943
413651675411943
413651675411943
413651675411943
413651675411943
413651675411943
413651675411943
413651675411943
413651675411943
413651675411943
413651675411943
413651675411943
413651675411943
413651675411943
413651675411943
413651675411943
413651675411943
413651675411943
413651675411943
413651675411943
413651675411943
413651675414865
413651675414865
413651675414865
413651675414865
413651675414865
413651675414865
413651675414865
413651675414865
413651675414865
413651675414865
413651675414865
413651675414865
413651675414865
413651675414865
413651675414865
413651675414865
413651675414865
413651675414865
413651675414865
413651675414865
413651675414865
413651675414865
413651675414865
413651675414865
413651675414865
413651675414865
413651675414865
413651675414865
413651675414865
413651675414865
413651675414865
413651675414865
413651675414865
413651675414865
413651675414870
413651675414870
413651675414870
413651675414870
413651675414870
413651675414870
413651675414870
413651675414870
413651675414870
413651675414870
413651675414870
413651675414870
413651675414870
413651675414870
413651675414870
413651675414870
413651675414870
413651675414870
413651675414870
413651675414870
413651675414870
413651675414870
413651675414870
413651675414870
413651675414870
413651675414870
413651675414870
413651675414870
413651675414870
413651675414870
413651675414870
413651675414870
413651675414870
413651675414870
413651675414870
413651675414870
413651675414870
413651675414870
413651675414870
413651675414870
413651675414870
413651675414870
413651675414870
413651675414870
413651675414870
413651675414870
413651675414871
413651675414871
413651675414871
413651675414871
413651675414876
413651675414876
413651675414876
413651675414876
413651675414876
413651675428307
413651675428307
413651675428307
413651675428307
413651675428307
413651675428307
413651675428307
413651675428307
413651675428307
413651675428307
413651675428307
413651675428307
413651675428307
413651675428307
413651675428307
413651675428307
413651675428307
413651675428307
413651675428307
413651675428307
413651675428307
413651675428307
413651675428307
413651675428307
413651675428307
413651675428326
413651675428326
413651675428326
413651675428326
413651675428326
413651675428326
413651675428326
413651675428326
413651675428326
413651675428326
413651675428326
413651675428326
413651675428326
413651675428326
413651675428327
413651675428327
413651675428327
413651675428327
413651675428327
413651675428327
413651675428327
413651675428327
413651675428327
413651675428327
413651675428327
413651675428327
413651675428327
413651675428327
413651675428327
413651675428327
413651675428327
413651675428327
413651675428327
413651675428327
413651675428327
413651675428327
413651675428327
413651675428339
413651675428339
413651675428339
413651675428339
413651675428339
413651675428339
413651675428339
413651675428339
413651675428339
413651675428339
413651675428339
413651675428339
413651675428339
413651675428339
413651675431261
413651675431261
413651675431261
413651675431261
413651675431261
413651675431261
413651675431261
413651675431261
413651675431261
413651675431261
413651675431261
413651675431261
413651675431261
413651675431261
413651675431261
413651675431261
413651675431261
413651675431261
413651675431261
413651675434183
413651675442681
413651675442681
413651675442681
413651675442681
413651675442681
413651675442681
413651675442681
413651675442681
413651675442681
413651675442681
413651675442681
413651675442681
413651675442681
413651675442681
413651675442681
413651675442681
413651675442683
413651675442683
413651675442683
413651675442683
413651675442683
413651675442683
413651675442683
413651675442683
413651675442683
413651675442683
413651675442683
413651675442683
413651675442683
413651675442683
413651675442683
413651675442683
413651675442683
413651675442683
413651675442683
413651675442683
413651675442683
413651675442683
413651675442683
413651675442683
413651675442683
413651675442683
413651675442683
413651675442683
413651675442683
413651675442683
413651675442683
413651675442683
413651675442684
413651675442684
413651675442684
413651675442684
413651675442684
413651675442684
413651675442684
413651675442684
413651675442684
413651675442684
413651675442684
413651675442684
413651675442684
413651675442684
413651675442684
413651675442687
413651675442687
413651675442687
413651675442687
413651675442687
413651675442687
413651675442687
413651675442687
413651675442687
413651675442687
413651675442687
413651675442687
413651675442687
413651675442687
413651675442687
413651675442687
413651675442687
413651675442687
413651675442687
413651675442687
413651675442687
413651675442687
413651675442687
413651675442687
413651675442687
413651675442687
413651675442687
413651675442687
413651675442687
413651675442687
413651675442687
413651675442687
413651675442687
413651675442687
413651675442687
413651675442687
413651675442687
413651675442687
413651675442687
413651675442687
413651675442687
413651675442687
413651675442687
413651675456118
413651675456118
413651675456118
413651675456118
413651675456118
413651675456118
413651675456118
413651675456118
413651675456118
413651675456118
413651675456118
413651675456118
413651675456118
413651675456119
413651675456119
413651675456119
413651675456119
413651675456119
413651675456119
413651675456119
413651675456119
413651675456119
413651675456119
413651675456119
413651675456119
413651675456119
413651675456119
413651675456119
413651675456119
413651675456119
413651675456119
413651675456119
413651675456119
413651675456135
413651675456135
413651675456141
413651675456141
413651675456141
413651675456141
413651675456141
413651675456141
413651675456141
413651675456141
413651675456141
413651675456141
413651675456141
413651675456141
413651675456141
413651675456141
413651675456141
413651675456141
413651675456141
413651675456141
413651675456141
413651675456141
413651675456141
413651675456141
413651675456141
413651675456141
413651675456141
413651675456141
413651675456141
413651675459063
413651675459063
413651675459063
413651675459063
413651675459063
413651675459063
413651675459063
413651675459063
413651675459063
413651675459063
413651675459063
413651675459063
413651675459063
413651675459063
413651675459063
413651675459063
413651675459068
413651675459068
413651675459068
413651675459068
413651675459068
413651675459068
413651675459068
413651675459068
413651675459068
413651675459079
413651675459079
413651675459079
413651675459079
413651675459079
413651675459079
413651675459079
413651675459079
413651675459079
413651675459079
413651675459079
413651675459079
413651675459079
413651675459079
413651675459079
413651675459084
413651675459084
413651675459084
413651675459084
413651675459084
413651675459084
413651675459084
413651675459084
413651675459084
413651675459084
413651675459084
413651675459084
413651675459084
413651675459084
413651675459084
413651675459084
413651675459084
413651675459084
413651675459084
413651675459084
413651675459084
413651675459104
413651675459104
413651675459104
413651675459104
413651675459104
413651675459104
413651675459111
413651675459111
413651675459111
413651675459111
413651675459111
413651675459111
413651675459111
413651675459111
413651675459111
413651675459111
413651675459111
413651675462033
413651675462033
413651675462033
413651675462033
413651675462033
413651675462040
413651675462040
413651675462040
413651675462040
413651675462040
413651675462040
413651675462040
413651675462040
413651675462040
413651675462040
413651675462040
413651675462040
413651675462040
413651675462040
413651675475471
413651675475471
413651675475471
413651675475471
413651675475471
413651675475471
413651675475471
413651675475471
413651675475471
413651675475471
413651675475471
413651675475471
413651675475471
413651675475471
413651675475471
413651675475471
413651675488904
413651675488904
413651675488904
413651675488904
413651675488904
413651675488904
413651675488904
413651675488904
413651675488904
413651675488904
413651675488904
413651675488904
413651675488904
413651675488904
413651675488904
413651675488904
413651675488904
413651675488904
413651675488904
413651675488904
413651675488904
413651675488904
413651675488904
413651675488904
413651675488904
413651675488904
413651675488904
413651675488904
413651675488904
413651675488904
413651675488904
413651675488904
413651675488904
413651675488904
413651675488904
413651675488904
413651675488904
413651675488904
413651675488904
413651675488904
413651675488904
413651675488904
413651675488904
413651675488904
413651675488904
413651675488904
413651675488904
413651675488904
413651675488904
413651675488904
413651675488904
413651675488904
413651675488904
413651675488904
413651675488904
413651675488904
413651675488904
413651675488904
413651675488904
413651675488904
413651675488904
413651675488904
413651675488904
413651675488904
413651675488904
413651675488904
413651675488904
413651675488904
413651675488904
413651675488904
413651675488904
413651675491826
413651675491826
413651675491826
413651675491826
413651675491826
413651675491826
413651675491826
413651675491826
413651675491826
413651675491826
413651675491826
413651675505257
413651675505257
413651675505257
413651675505257
413651675505257
413651675505257
413651675505261
413651675505261
413651675505261
413651675505261
413651675505261
413651675505261
413651675505261
413651675505261
413651675505261
413651675505261
413651675505261
413651675505261
413651675505261
413651675505261
413651675505261
413651675505261
413651675505261
413651675505261
413651675505261
413651675505261
413651675505273
413651675505273
413651675505273
413651675505273
413651675505273
413651675505273
413651675505273
413651675505273
413651675505273
413651675505273
413651675505273
413651675505273
413651675505273
413651675505273
413651675505273
413651675505273
413651675505275
413651675505275
413651675505275
413651675505275
413651675505275
413651675505275
413651675505275
413651675505275
413651675505275
413651675505275
413651675505276
413651675505276
413651675505276
413651675505276
413651675505276
413651675505276
413651675505276
413651675505276
413651675505276
413651675505276
413651675505276
413651675505276
413651675505276
413651675505276
413651675505276
413651675505276
413651675505276
413651675508198
413651675508198
413651675508198
413651675508198
413651675508198
413651675508198
413651675508198
413651675508198
413651675508198
413651675508198
413651675508198
413651675508198
413651675508198
413651675508198
413651675508198
413651675508198
413651675508198
413651675508198
413651675508198
413651675508198
413651675508198
413651675508198
413651675508198
413651675508198
413651675508198
413651675508206
413651675508206
413651675508206
413651675508206
413651675508206
413651675508206
413651675508206
413651675508206
413651675508206
413651675508206
413651675508206
413651675508215
413651675508215
413651675508215
413651675508215
413651675508215
413651675508215
413651675508215
413651675508215
413651675508215
413651675508215
413651675508215
413651675508215
413651675508215
413651675508215
413651675508215
413651675508215
413651675508215
413651675508215
413651675508215
413651675508215
413651675508215
413651675508215
413651675508215
413651675508215
413651675508215
413651675508215
413651675508215
413651675508215
413651675508215
413651675508215
413651675508215
413651675508215
413651675508215
413651675508215
413651675508215
413651675508215
413651675508215
413651675508215
413651675508215
413651675508215
413651675508215
413651675508215
413651675508215
413651675508215
413651675508215
413651675508227
413651675508240
413651675508240
413651675508240
413651675508240
413651675508240
413651675508240
413651675508240
413651675508241
413651675508241
413651675508241
413651675508241
413651675508241
413651675508241
413651675508241
413651675508241
413651675508241
413651675508241
413651675508241
413651675508241
413651675508241
413651675508241
413651675508241
413651675508241
413651675508241
413651675508241
413651675508241
413651675508241
413651675508241
413651675508241
413651675508241
413651675511163
413651675511163
413651675511167
413651675511167
413651675511167
413651675511167
413651675511172
413651675511172
413651675511172
413651675511172
413651675511172
413651675511172
413651675511172
413651675511180
413651675511180
413651675511180
413651675511180
413651675511180
413651675524611
413651675524611
413651675524611
413651675524611
413651675524611
413651675524611
413651675524611
413651675524611
413651675524611
413651675524611
413651675524611
413651675524611
413651675524611
413651675524611
413651675527533
413651675527535
413651675527535
413651675527535
413651675527535
413651675527535
413651675527535
413651675527535
413651675527535
413651675527535
413651675527535
413651675527535
413651675527535
413651675527535
413651675527535
413651675527535
413651675527535
413651675527535
413651675527535
413651675527535
413651675527535
413651675527535
413651675527535
413651675527535
413651675527535
413651675527535
413651675527535
413651675527535
413651675527535
413651675527535
413651675540966
413651675540966
413651675540966
413651675540966
413651675543888
413651675543888
413651675543888
413651675543888
413651675543888
413651675543888
413651675543888
413651675543888
413651675543888
413651675543888
413651675543888
413651675543888
413651675543888
413651675543888
413651675543888
413651675543888
413651675543888
413651675543888
413651675543888
413651675543888
413651675543888
413651675543888
413651675543888
413651675543888
413651675543888
413651675543888
413651675543888
413651675543888
413651675543888
413651675543888
413651675543888
413651675543888
413651675543898
413651675543898
413651675543899
413651675543899
413651675543899
413651675543899
413651675543899
413651675543899
413651675543899
413651675543899
413651675543905
413651675543905
413651675543905
413651675543905
413651675543905
413651675543905
413651675543905
413651675543905
413651675543905
413651675543905
413651675543905
413651675543905
413651675543905
413651675543905
413651675543905
413651675543905
413651675543905
413651675543905
413651675543905
413651675543905
413651675543905
413651675543905
413651675543905
413651675543905
413651675543905
413651675543905
413651675543905
413651675557336
413651675557336
413651675557336
413651675557336
413651675557336
413651675557336
413651675557336
413651675557336
413651675557344
413651675557344
413651675557344
413651675557344
413651675557344
413651675557344
413651675557344
413651675557344
413651675557344
413651675557346
413651675557346
413651675557346
413651675557346
413651675557346
413651675557346
413651675557346
413651675557346
413651675557346
413651675557346
413651675557346
413651675557346
413651675557346
413651675557346
413651675557346
413651675557346
413651675557346
413651675557346
413651675557346
413651675557346
413651675557346
413651675557346
413651675557346
413651675557346
413651675557346
413651675557346
413651675557346
413651675557365
413651675557365
413651675557365
413651675557365
413651675557365
413651675557365
413651675557365
413651675557365
413651675557365
413651675557365
413651675557365
413651675557365
413651675584227
413651675584227
413651675584227
413651675584227
413651675584227
413651675584227
413651675584227
413651675584227
413651675584227
413651675584227
413651675584227
413651675584227
413651675584227
413651675584227
413651675584227
413651675584227
413651675584227
413651675584227
413651675584227
413651675584227
413651675584227
413651675584227
413651675584227
413651675584227
413651675584227
413651675584227
413651675584227
413651675584227
413651675584227
413651675584227
413651675584227
413651675584227
413651675584227
413651675584227
413651675584227
413651675584227
413651675584227
413651675584227
413651675584227
413651675584227
413651675584227
413651675584227
413651675584234
413651675584234
413651675584234
413651675584234
413651675584234
413651675584234
413651675584234
413651675584234
413651675584234
413651675584234
413651675584234
413651675584234
413651675584234
413651675584234
413651675584234
413651675584234
413651675584234
413651675584234
413651675584234
413651675584234
413651675584234
413651675584234
413651675584234
413651675584234
413651675584234
413651675584234
413651675584234
413651675584234
413651675584234
413651675584234
413651675584234
413651675584234
413651675584234
413651675584239
413651675584239
413651675584239
413651675584239
413651675584239
413651675584239
413651675584239
413651675584240
413651675584240
413651675584240
413651675584240
413651675584240
413651675584240
413651675584240
413651675584240
413651675584240
413651675584240
413651675584240
413651675584240
413651675584240
413651675584240
413651675584240
413651675584240
413651675584240
413651675584240
413651675584240
413651675584240
413651675597671
413651675597671
413651675597671
413651675597671
413651675597671
413651675597671
413651675597673
413651675597682
413651675600604
413651675600604
413651675600604
413651675600604
413651675600604
413651675600604
413651675600604
413651675600604
413651675600604
413651675600604
413651675600607
413651675600607
413651675600607
413651675600607
413651675600607
413651675600607
413651675600607
413651675600607
413651675600607
413651675600607
413651675600608
413651675600608
413651675600608
413651675600608
413651675600608
413651675600608
413651675600608
413651675600608
413651675600608
413651675600608
413651675600611
413651675600611
413651675600611
413651675600611
413651675600611
413651675600632
413651675600632
413651675600635
413651675600635
413651675600635
413651675600635
413651675600635
413651675600635
413651675600635
413651675600635
413651675600635
413651675600635
413651675600635
413651675614066
413651675614066
413651675614066
413651675614066
413651675614066
413651675627497
413651675627497
413651675627497
413651675627497
413651675627497
413651675627497
413651675627497
413651675627497
413651675627497
413651675627497
413651675627497
413651675627497
413651675627497
413651675627497
413651675627497
413651675627497
413651675627497
413651675627497
413651675627502
413651675627502
413651675627502
413651675627502
413651675627502
413651675627502
413651675627502
413651675627502
413651675627502
413651675627502
413651675627502
413651675627502
413651675627507
413651675627507
413651675627507
413651675627507
413651675627507
413651675627507
413651675627507
413651675627507
413651675627507
413651675627507
413651675627507
413651675627507
413651675627507
413651675627507
413651675627507
413651675627527
413651675627527
413651675627528
413651675627528
413651675627532
413651675627532
413651675627532
413651675627532
413651675627532
413651675627532
413651675627532
413651675627532
413651675627532
413651675627532
413651675627532
413651675627532
413651675627532
413651675627532
413651675627532
413651675627532
413651675627532
413651675627532
413651675627532
413651675627532
413651675627532
413651675627532
413651675627532
413651675627532
413651675627532
413651675627532
413651675627532
413651675627532
413651675627532
413651675627532
413651675627532
413651675627532
413651675627532
413651675627532
413651675627532
413651675627532
413651675627532
413651675627532
413651675627532
413651675627532
413651675627532
413651675627532
413651675627532
413651675627532
413651675627532
413651675627532
413651675627532
413651675627532
413651675627546
413651675627546
413651675627546
413651675627546
413651675627546
413651675627546
413651675627546
413651675627546
413651675627546
413651675627546
413651675627546
413651675627546
413651675627546
413651675627546
413651675627546
413651675627546
413651675627546
413651675627546
413651675627546
413651675627546
413651675627546
413651675627546
413651675627546
413651675627546
413651675627546
413651675627546
413651675627546
413651675627546
413651675627546
413651675627546
413651675627546
413651675627546
413651675627546
413651675627546
413651675627546
413651675627546
413651675627546
413651675627546
413651675627546
413651675627546
413651675627546
413651675627546
413651675627546
413651675627548
413651675627548
413651675627548
413651675627548
413651675627548
413651675627548
413651675627548
413651675627548
413651675627548
413651675627548
413651675627548
413651675627548
413651675627548
413651675627548
413651675627548
413651675627548
413651675627550
413651675627550
413651675627550
413651675627550
413651675627550
413651675627550
413651675627550
413651675627550
413651675627550
413651675627550
413651675627550
413651675627550
413651675627550
413651675627550
413651675627550
413651675627550
413651675627550
413651675627550
413651675627550
413651675627550
413651675627550
413651675627550
413651675627550
413651675654412
413651675654412
413651675654412
413651675654413
413651675654413
413651675654413
413651675654413
413651675654413
413651675654413
413651675654413
413651675654413
413651675654413
413651675654413
413651675654413
413651675654413
413651675654413
413651675654413
413651675654413
413651675654413
413651675654413
413651675654413
413651675654413
413651675654413
413651675654413
413651675654413
413651675654413
413651675654413
413651675654413
413651675654414
413651675654414
413651675654414
413651675654414
413651675654414
413651675654414
413651675654414
413651675654414
413651675657336
413651675657336
413651675657340
413651675657340
413651675657340
413651675657340
413651675657340
413651675657340
413651675657340
413651675657340
413651675657340
413651675657340
413651675657340
413651675657340
413651675657340
413651675657340
413651675657340
413651675657340
413651675657340
413651675657340
413651675657340
413651675657340
413651675657340
413651675657340
413651675660262
413651675660262
413651675660262
413651675660262
413651675660262
413651675660262
413651675660262
413651675660262
413651675660262
413651675660262
413651675660262
413651675660262
413651675660262
413651675660267
413651675660267
413651675660267
413651675660267
413651675660267
413651675660267
413651675660267
413651675660267
413651675660267
413651675660267
413651675660267
413651675660267
413651675660267
413651675660267
413651675660267
413651675660267
413651675660267
413651675660267
413651675660267
413651675660267
413651675660267
413651675660267
413651675660267
413651675663189
413651675663189
413651675663189
413651675663189
413651675663189
413651675663189
413651675663189
413651675663189
413651675663189
413651675663189
413651675663189
413651675663191
413651675663191
413651675663191
413651675663191
413651675663191
413651675663191
413651675663191
413651675663191
413651675663191
413651675663191
413651675663191
413651675663191
413651675663191
413651675663191
413651675663191
413651675663191
413651675663191
413651675663212
413651675663212
413651675663212
413651675663212
413651675663212
413651675663212
413651675663212
413651675663212
413651675663212
413651675663212
413651675663212
413651675663212
413651675663212
413651675663212
413651675663212
413651675663212
413651675663212
413651675663212
413651675663212
413651675663212
413651675663212
413651675663212
413651675663212
413651675663212
413651675663212
413651675663212
413651675663212
413651675663212
413651675663212
413651675663212
413651675663212
413651675663212
413651675663212
413651675663212
413651675663212
413651675663212
413651675663212
413651675663212
413651675663212
413651675663212
413651675663212
413651675663212
413651675663212
413651675663212
413651675663212
413651675663212
413651675663212
413651675663212
413651675663212
413651675663212
413651675663212
413651675663212
413651675663212
413651675663212
413651675663212
413651675663212
413651675663212
413651675663212
413651675663212
413651675663212
413651675663212
413651675663212
413651675663212
413651675663212
413651675663212
413651675663212
413651675663212
413651675663212
413651675663212
413651675663212
413651675663212
413651675663212
413651675663212
413651675663212
413651675663212
413651675663212
413651675663212
413651675663212
413651675663212
413651675663212
413651675663212
413651675663212
413651675663212
413651675663212
413651675663212
413651675663212
413651675663212
413651675663212
413651675676643
413651675676643
413651675676643
413651675676643
413651675676643
413651675676643
413651675676643
413651675676643
413651675676643
413651675676643
413651675676643
413651675676643
413651675676643
413651675676643
413651675676643
413651675676643
413651675676643
413651675676643
413651675676643
413651675676643
413651675676643
413651675676643
413651675676643
413651675676643
413651675676643
413651675676643
413651675676643
413651675676643
413651675676643
413651675676643
413651675676643
413651675676643
413651675676643
413651675676643
413651675676643
413651675676643
413651675676643
413651675676643
413651675676643
413651675676643
413651675676643
413651675676643
413651675676643
413651675676643
413651675676643
413651675676643
413651675676643
413651675676643
413651675676643
413651675676643
413651675676643
413651675676643
413651675676643
413651675676643
413651675676643
413651675676643
413651675676643
413651675676643
413651675676643
413651675676643
413651675676643
413651675676643
413651675676643
413651675676643
413651675676643
413651675676643
413651675676643
413651675676643
413651675676643
413651675676643
413651675676643
413651675676643
413651675676643
413651675676643
413651675676643
413651675676643
413651675676643
413651675676643
413651675676643
413651675676643
413651675676643
413651675676645
413651675676645
413651675676645
413651675676645
413651675676645
413651675676645
413651675676645
413651675676645
413651675676645
413651675676645
413651675676645
413651675676645
413651675676645
413651675676645
413651675676656
413651675676656
413651675676656
413651675676656
413651675676656
413651675676656
413651675676656
413651675676656
413651675676656
413651675676656
413651675676656
413651675676656
413651675676656
413651675676656
413651675676656
413651675676656
413651675676656
413651675676656
413651675676656
413651675676656
413651675676656
413651675676656
413651675676656
413651675676656
413651675676656
413651675676656
413651675676656
413651675676656
413651675676656
413651675676656
413651675676656
413651675676656
413651675676656
413651675676656
413651675676656
413651675676656
413651675676656
413651675676656
413651675676656
413651675676656
413651675676656
413651675676656
413651675693009
413651675693009
413651675693009
413651675693009
413651675693009
413651675693009
413651675693009
413651675693009
413651675693009
413651675693009
413651675693009
413651675693009
413651675693009
413651675693009
413651675693009
413651675693009
413651675693009
413651675693009
413651675693009
413651675693010
413651675693010
413651675693010
413651675693010
413651675693010
413651675693010
413651675693010
413651675693010
413651675693018
413651675706449
413651675706449
413651675706449
413651675706449
413651675706449
413651675706449
413651675706449
413651675706449
413651675706449
413651675706449
413651675706449
413651675706449
413651675706449
413651675706449
413651675706449
413651675706449
413651675706449
413651675706449
413651675706449
413651675706449
413651675706449
413651675706449
413651675706449
413651675706449
413651675706449
413651675706449
413651675706449
413651675706449
413651675706449
413651675706449
413651675706449
413651675706449
413651675706449
413651675706449
413651675706449
413651675706449
413651675706449
413651675706449
413651675706449
413651675706449
413651675706449
413651675706449
413651675706449
413651675706449
413651675706449
413651675706449
413651675706449
413651675706449
413651675706449
413651675706449
413651675706449
413651675706449
413651675706449
413651675706457
413651675706457
413651675706457
413651675706457
413651675706457
413651675706457
413651675706457
413651675706457
413651675706457
413651675706457
413651675706457
413651675706457
413651675706457
413651675706457
413651675706457
413651675706457
413651675706457
413651675706457
413651675706457
413651675706457
413651675706457
413651675706457
413651675706457
413651675706457
413651675706457
413651675706457
413651675706457
413651675706457
413651675706457
413651675706457
413651675706457
413651675706457
413651675706457
413651675706457
413651675706457
413651675706457
413651675706457
413651675706457
413651675706457
413651675706457
413651675706457
413651675706457
413651675706457
413651675706457
413651675719888
413651675719888
413651675719888
413651675719888
413651675719889
413651675719889
413651675719889
413651675719889
413651675719889
413651675719889
413651675719889
413651675719889
413651675719889
413651675719889
413651675719889
413651675719889
413651675733320
413651675733320
413651675733320
413651675733320
413651675733320
413651675733320
413651675733320
413651675733320
413651675733320
413651675733320
413651675733320
413651675733320
413651675733320
413651675733320
413651675733320
413651675733320
413651675733320
413651675733320
413651675733320
413651675733320
413651675733320
413651675733320
413651675733320
413651675733320
413651675733320
413651675733320
413651675733320
413651675733320
413651675733320
413651675733320
413651675733320
413651675746751
413651675746751
413651675746751
413651675746751
413651675746751
413651675746751
413651675746751
413651675746751
413651675746751
413651675746751
413651675746751
413651675746751
413651675746751
413651675746765
413651675746765
413651675746765
413651675746765
413651675746765
413651675746765
413651675746765
413651675746768
413651675746768
413651675746768
413651675746768
413651675746768
413651675746770
413651675746770
413651675746770
413651675746770
413651675746770
413651675746770
413651675746770
413651675746770
413651675746770
413651675746770
413651675746770
413651675760201
413651675760201
413651675760201
413651675760201
413651675763123
413651675763123
413651675766045
413651675766045
413651675766045
413651675766045
413651675766045
413651675766045
413651675766053
413651675766060
413651675766060
413651675766060
413651675766060
413651675766060
413651675766060
413651675766060
413651675766060
413651675766060
413651675766060
413651675766060
413651675766060
413651675766060
413651675766060
413651675766060
413651675766060
413651675766060
413651675766060
413651675766060
413651675766060
413651675766060
413651675766060
413651675766060
413651675766060
413651675766060
413651675766060
413651675766060
413651675766060
413651675766060
413651675766060
413651675766060
413651675766060
413651675766060
413651675766060
413651675766060
413651675766060
413651675766060
413651675766060
413651675766060
413651675766060
413651675766060
413651675766060
413651675766060
413651675766060
413651675766060
413651675766060
413651675766060
413651675766060
413651675766060
413651675766063
413651675766063
413651675766063
413651675766063
413651675766063
413651675766063
413651675766063
413651675766063
413651675766063
413651675766077
413651675766077
413651675766077
413651675766077
413651675766077
413651675766077
413651675766077
413651675766084
413651675766084
413651675766084
413651675766084
413651675766084
413651675766084
413651675766084
413651675766084
413651675766084
413651675766084
413651675766084
413651675766084
413651675766084
413651675766084
413651675766084
413651675766084
413651675766084
413651675766084
413651675766084
413651675766084
413651675766084
413651675766084
413651675766084
413651675766084
413651675766084
413651675766084
413651675766084
413651675766084
413651675766084
413651675766084
413651675766084
413651675766084
413651675766084
413651675766084
413651675766084
413651675766084
413651675766084
413651675766084
413651675766086
413651675766086
413651675766086
413651675766086
413651675766086
413651675766086
413651675766086
413651675766086
413651675766086
413651675766086
413651675766086
413651675766086
413651675766086
413651675766086
413651675766087
413651675766087
413651675766087
413651675766087
413651675766087
413651675766087
413651675766087
413651675766087
413651675766087
413651675766087
413651675766087
413651675766087
413651675766087
413651675766087
413651675766087
413651675766088
413651675766088
413651675766088
413651675766088
413651675766088
413651675766088
413651675766088
413651675766088
413651675766088
413651675766088
413651675766088
413651675766088
413651675766088
413651675766088
413651675766088
413651675766088
413651675766088
413651675766088
413651675779520
413651675779520
413651675779520
413651675779520
413651675779520
413651675779520
413651675779520
413651675779520
413651675779520
413651675779520
413651675782442
413651675782442
413651675782442
413651675782442
413651675782442
413651675785364
413651675785364
413651675785364
413651675785373
413651675785373
413651675785373
413651675785373
413651675785373
413651675785373
413651675785373
413651675785373
413651675785373
413651675785373
413651675785373
413651675785373
413651675785373
413651675785373
413651675785375
413651675785375
413651675785375
413651675785375
413651675785375
413651675785375
413651675785375
413651675785375
413651675785375
413651675785375
413651675785375
413651675785375
413651675788297
413651675788309
413651675788309
413651675788310
413651675788310
413651675788310
413651675788310
413651675788310
413651675788310
413651675788310
413651675788310
413651675788310
413651675788310
413651675788310
413651675788310
413651675788310
413651675788310
413651675788310
413651675788310
413651675788310
413651675788310
413651675788310
413651675788310
413651675788310
413651675788310
413651675788310
413651675788317
413651675788317
413651675788317
413651675788317
413651675788317
413651675788317
413651675788317
413651675788317
413651675788317
413651675788317
413651675788317
413651675788317
413651675801748
413651675801748
413651675801748
413651675801751
413651675801751
413651675801751
413651675801751
413651675801751
413651675801751
413651675801751
413651675801751
413651675801751
413651675801751
413651675801751
413651675801751
413651675801751
413651675801751
413651675801751
413651675801751
413651675801751
413651675801751
413651675801751
413651675801751
413651675801751
413651675801769
413651675801769
413651675801769
413651675801769
413651675801769
413651675801769
413651675801769
413651675801769
413651675801769
413651675801769
413651675801769
413651675801769
413651675801769
413651675801769
413651675801769
413651675801769
413651675801769
413651675801769
413651675801769
413651675801769
413651675801769
413651675801769
413651675801769
413651675801769
413651675801769
413651675801769
413651675801769
413651675801769
413651675801769
413651675801769
413651675801769
413651675801769
413651675801769
413651675801769
413651675801769
413651675801769
413651675801769
413651675801769
413651675801769
413651675801769
413651675801769
413651675801769
413651675801769
413651675801769
413651675801769
413651675801769
413651675801786
413651675801786
413651675801786
413651675801786
413651675801786
413651675801786
413651675801786
413651675801786
413651675801786
413651675801786
413651675801786
413651675801786
413651675801786
413651675801786
413651675801786
413651675801786
413651675801786
413651675801786
413651675801786
413651675801786
413651675801786
413651675801786
413651675801786
413651675801786
413651675801786
413651675801786
413651675801787
413651675801787
413651675801787
413651675801787
413651675801787
413651675801787
413651675801787
413651675801787
413651675801787
413651675801787
413651675801787
413651675801787
413651675801787
413651675801787
413651675801787
413651675815218
413651675815218
413651675828649
413651675828649
413651675828649
413651675828649
413651675828649
413651675828649
413651675828649
413651675828649
413651675828649
413651675828649
413651675828649
413651675828649
413651675828649
413651675828649
413651675828649
413651675828649
413651675828649
413651675828649
413651675828649
413651675828649
413651675828649
413651675828649
413651675828650
413651675828650
413651675828650
413651675828650
413651675842081
413651675842081
413651675842081
413651675842081
413651675842081
413651675842081
413651675842081
413651675842081
413651675842083
413651675842083
413651675842083
413651675842083
413651675842083
413651675842083
413651675842083
413651675842085
413651675842085
413651675842085
413651675842085
413651675842085
413651675842085
413651675842085
413651675842085
413651675845007
413651675845007
413651675845007
413651675845007
413651675845007
413651675845007
413651675845007
413651675845007
413651675845007
413651675845007
413651675845007
413651675845007
413651675845007
413651675845007
413651675845007
413651675845007
413651675845007
413651675845007
413651675845007
413651675847929
413651675847929
413651675847929
413651675847929
413651675847929
413651675847929
413651675847929
413651675847929
413651675847929
413651675847929
413651675847929
413651675847929
413651675847929
413651675847929
413651675847929
413651675847929
413651675847929
413651675850851
413651675850851
413651675850851
413651675850851
413651675850877
413651675850877
413651675850877
413651675850877
413651675850877
413651675850877
413651675850877
413651675850877
413651675850877
413651675850877
413651675850877
413651675850877
413651675850877
413651675850877
413651675850877
413651675850877
413651675850877
413651675850877
413651675850877
413651675850877
413651675850877
413651675850877
413651675850877
413651675850877
413651675850877
413651675850877
413651675850877
413651675850877
413651675850877
413651675850877
413651675850877
413651675850877
413651675850877
413651675864308
413651675864308
413651675864308
413651675864308
413651675864308
413651675864308
413651675864308
413651675864315
413651675864315
413651675864315
413651675864315
413651675864317
413651675864317
413651675864317
413651675864317
413651675864317
413651675864317
413651675864317
413651675864317
413651675864317
413651675864317
413651675864317
413651675864317
413651675864317
413651675864317
413651675864317
413651675864317
413651675864317
413651675864317
413651675864317
413651675864317
413651675864317
413651675864317
413651675864317
413651675864317
413651675864317
413651675864317
413651675864317
413651675864317
413651675864317
413651675864317
413651675864317
413651675864317
413651675864317
413651675864317
413651675864317
413651675864317
413651675864317
413651675864317
413651675864317
413651675864317
413651675864333
413651675864333
413651675864333
413651675864333
413651675864333
413651675864333
413651675864333
413651675864333
413651675864333
413651675877764
413651675877764
413651675877764
413651675877764
413651675877764
413651675877764
413651675877764
413651675877764
413651675877764
413651675877764
413651675877764
413651675877764
413651675877764
413651675877764
413651675877764
413651675877764
413651675877764
413651675877764
413651675891195
413651675891195
413651675891195
413651675891195
413651675891195
413651675891195
413651675891195
413651675891206
413651675891206
413651675891206
413651675891206
413651675891206
413651675891206
413651675904637
413651675904643
413651675904643
413651675904643
413651675904643
413651675904643
413651675904643
413651675904643
413651675904643
413651675904643
413651675904643
413651675904643
413651675904643
413651675904643
413651675904643
413651675904643
413651675904643
413651675904643
413651675904643
413651675904643
413651675904643
413651675904643
413651675904643
413651675904643
413651675904643
413651675904643
413651675904643
413651675904643
413651675904643
413651675904643
413651675904643
413651675904643
413651675904643
413651675904643
413651675904643
413651675904643
413651675904643
413651675904643
413651675904643
413651675904643
413651675904643
413651675904644
413651675904644
413651675904644
413651675904649
413651675904661
413651675904661
413651675904661
413651675904661
413651675904661
413651675904661
413651675904661
413651675904661
413651675904661
413651675904661
413651675904661
413651675904661
413651675904661
413651675904661
413651675904661
413651675904661
413651675904661
413651675904661
413651675904661
413651675904661
413651675904661
413651675904661
413651675904661
413651675904661
413651675904661
413651675904661
413651675913159
413651675913159
413651675913159
413651675913159
413651675913159
413651675913159
413651675913159
413651675926590
413651675926590
413651675926590
413651675926590
413651675926590
413651675926590
413651675926590
413651675926590
413651675926590
413651675926590
413651675926590
413651675926590
413651675926590
413651675926590
413651675926590
413651675926590
413651675926590
413651675926590
413651675926590
413651675926605
413651675926605
413651675926605
413651675926605
413651675926605
413651675926605
413651675926606
413651675926606
413651675926606
413651675926606
413651675926606
413651675926606
413651675926606
413651675926606
413651675926606
413651675926606
413651675926606
413651675926606
413651675926606
413651675926606
413651675926606
413651675926606
413651675926606
413651675926606
413651675926606
413651675926606
413651675926606
413651675926606
413651675926606
413651675926606
413651675926606
413651675926606
413651675926607
413651675926607
413651675926607
413651675926607
413651675926607
413651675926607
413651675926607
413651675926607
413651675926607
413651675926607
413651675926607
413651675926607
413651675926607
413651675926607
413651675926607
413651675926607
413651675926607
413651675926607
413651675926607
413651675926607
413651675926607
413651675926607
413651675926607
413651675926607
413651675926607
413651675926607
413651675926607
413651675926607
413651675926607
413651675926607
413651675926607
413651675926607
413651675926607
413651675926607
413651675926607
413651675926607
413651675926607
413651675926607
413651675926607
413651675926607
413651675926607
413651675926607
413651675926607
413651675926607
413651675926607
413651675926607
413651675926607
413651675926607
413651675926607
413651675926607
413651675926607
413651675926607
413651675940038
413651675940038
413651675940038
413651675940038
413651675940038
413651675940038
413651675940042
413651675940042
413651675940042
413651675940042
413651675940042
413651675940042
413651675940042
413651675940042
413651675940042
413651675940042
413651675940042
413651675940042
413651675953473
413651675953473
413651675953484
413651675953484
413651675953484
413651675953484
413651675953484
413651675953484
413651675953484
413651675953484
413651675953484
413651675953484
413651675953484
413651675953484
413651675953484
413651675953484
413651675953484
413651675953484
413651675953484
413651675953484
413651675953484
413651675953484
413651675953484
413651675953484
413651675953484
413651675953484
413651675953484
413651675953484
413651675953484
413651675953484
413651675953484
413651675953484
413651675953484
413651675953484
413651675953484
413651675953484
413651675953484
413651675953484
413651675953484
413651675953484
413651675953484
413651675953484
413651675953484
413651675953484
413651675953484
413651675953484
413651675953484
413651675953484
413651675953484
413651675953484
413651675953484
413651675953484
413651675953484
413651675953484
413651675953484
413651675953484
413651675953484
413651675953484
413651675953484
413651675956406
413651675956406
413651675956406
413651675956406
413651675956406
413651675956406
413651675956406
413651675956406
413651675956406
413651675956406
413651675956408
413651675956408
413651675956408
413651675956408
413651675956408
413651675956408
413651675956408
413651675956408
413651675956408
413651675956408
413651675956408
413651675956408
413651675956408
413651675956408
413651675956408
413651675956408
413651675956408
413651675956408
413651675956408
413651675956408
413651675956408
413651675956408
413651675956408
413651675956408
413651675956408
413651675956408
413651675956408
413651675956408
413651675956408
413651675956408
413651675956408
413651675956408
413651675956408
413651675956408
413651675956408
413651675956408
413651675956408
413651675956408
413651675956408
413651675956408
413651675956408
413651675956408
413651675956408
413651675956408
413651675956408
413651675956408
413651675956408
413651675956408
413651675956408
413651675956408
413651675956408
413651675956408
413651675956408
413651675956408
413651675956408
413651675956408
413651675956408
413651675956422
413651675956422
413651675956422
413651675956422
413651675969853
413651675969853
413651675969853
413651675969853
413651675969853
413651675983284
413651675983284
413651675983284
413651675983284
413651675983284
413651675983284
413651675983284
413651675983284
413651675983284
413651675983284
413651675983284
413651675983284
413651675983290
413651675983290
413651675983290
413651675983290
413651675983290
413651675983290
413651675983290
413651675983290
413651675983290
413651675983290
413651675983290
413651675983290
413651675983290
413651675983290
413651675983290
413651675983290
413651675983290
413651675983290
413651675983290
413651675983290
413651675983290
413651675983290
413651675983290
413651675983290
413651675983290
413651675983290
413651675986213
413651675986215
413651675986215
413651675986215
413651675986215
413651675986215
413651675986215
413651675986215
413651675986215
413651675986215
413651675986215
413651675986215
413651675986215
413651675986215
413651675986215
413651675986221
413651675986221
413651675986221
413651675986221
413651675986221
413651675986221
413651675986221
413651675986221
413651675986221
413651675986221
413651675986221
413651675986230
413651675986230
413651675986230
413651675986230
413651675986230
413651675986230
413651675986230
413651675986231
413651675986231
413651675986231
413651675986231
413651675986231
413651675986231
413651675986231
413651675986231
413651675989153
413651675989153
413651675989153
413651675989153
413651675989153
413651675989153
413651675989153
413651675989153
413651675989153
413651675989153
413651675989153
413651675989153
413651675989153
413651675989153
413651675989153
413651675989153
413651675989153
413651675989153
413651675989153
413651675989153
413651675989153
413651675989153
413651675989153
413651675989153
413651675989153
413651675989153
413651675989153
413651675989153
413651675989153
413651675989153
413651675997639
413651675997639
413651675997639
413651675997639
413651675997639
413651675997639
413651675997639
413651675997639
413651675997639
413651675997639
413651675997639
413651675997639
413651675997639
413651675997639
413651675997639
413651675997639
413651675997639
413651675997639
413651675997639
413651675997639
413651675997639
413651675997639
413651675997639
413651675997639
413651675997639
413651675997639
413651675997639
413651675997639
413651675997639
413651675997639
413651675997639
413651675997639
413651675997639
413651675997639
413651675997639
413651675997639
413651675997639
413651675997639
413651675997639
413651675997639
413651675997639
413651675997639
413651675997639
413651675997639
413651675997639
413651675997639
413651675997639
413651675997639
413651675997639
413651675997639
413651675997639
413651675997639
413651675997639
413651675997639
413651675997639
413651675997639
413651675997639
413651675997639
413651675997639
413651675997639
413651675997639
413651675997639
413651675997639
413651675997639
413651675997639
413651675997639
413651675997639
413651675997639
413651675997639
413651675997639
413651675997639
413651675997639
413651675997639
413651675997639
413651675997639
413651675997639
413651675997639
413651675997639
413651675997639
413651675997639
413651675997639
413651675997639
413651675997639
413651675997639
413651675997639
413651675997644
413651675997644
413651675997644
413651675997644
413651675997644
413651675997644
413651675997644
413651675997644
413651675997644
413651675997644
413651675997644
413651675997644
413651675997644
413651675997644
413651675997644
413651675997644
413651675997644
413651675997644
413651675997644
413651675997644
413651675997644
413651675997644
413651675997644
413651675997644
413651675997644
413651675997644
413651675997644
413651675997644
413651675997644
413651675997644
413651675997644
413651675997644
413651675997644
413651675997644
413651675997644
413651675997644
413651675997644
413651675997644
413651675997644
413651675997644
413651675997645
413651675997645
413651675997645
413651675997646
413651675997646
413651675997646
413651675997646
413651675997646
413651675997646
413651675997646
413651675997646
413651675997646
413651675997646
413651675997646
413651675997646
413651675997646
413651675997646
413651675997646
413651675997646
413651675997646
413651675997646
413651675997646
413651675997646
413651675997646
413651675997646
413651675997646
413651675997648
413651675997648
413651675997648
413651675997648
413651675997648
413651675997648
413651675997648
413651675997648
413651675997648
413651675997649
413651675997649
413651675997649
413651675997649
413651676011080
413651676011080
413651676011080
413651676011080
413651676011085
413651676011085
413651676011085
413651676011085
413651676011085
413651676011085
413651676011085
413651676011085
413651676011085
413651676011085
413651676011085
413651676011085
413651676011085
413651676011085
413651676011085
413651676011085
413651676011085
413651676011085
413651676011085
413651676011085
413651676011085
413651676011085
413651676011085
413651676011085
413651676011085
413651676011085
413651676011085
413651676011085
413651676011085
413651676011085
413651676011085
413651676011085
413651676011085
413651676011085
413651676011085
413651676014007
413651676014007
413651676014007
413651676014007
413651676014007
413651676014007
413651676014007
413651676014007
413651676014007
413651676014007
413651676014007
413651676014007
413651676014007
413651676014007
413651676014007
413651676014007
413651676014007
413651676014007
413651676014007
413651676014007
413651676014007
413651676014007
413651676014007
413651676014007
413651676014007
413651676014007
413651676014007
413651676014007
413651676014007
413651676014007
413651676014007
413651676014007
413651676014007
413651676014007
413651676014007
413651676014007
413651676014007
413651676014007
413651676014013
413651676014013
413651676014013
413651676014013
413651676014013
413651676014013
413651676014013
413651676014013
