12
40
246
384
198
174
120
18
14
198
54
462
680
16
192
468
434
122
154
44
428
92
202
202
396
92
152
18
-1
4
6
808
130
222
-1
190
66
20
202
230
642
0
402
666
434
54
574
64
22
296
-1
116
272
4
260
14
16
220
198
-1
528
34
120
34
48
414
114
206
344
2
106
22
44
40
202
114
48
118
268
202
198
232
296
192
176
342
432
58
44
574
14
98
-1
12
306
46
24
358
64
-1
180
510
244
30
14
450
434
24
202
-1
54
412
148
564
186
0
4
198
688
426
392
14
56
520
124
150
-1
246
318
246
-1
124
216
-1
-1
-1
32
566
290
-1
242
384
204
188
266
124
434
10
428
100
104
632
0
34
-1
826
202
80
190
202
24
836
40
16
20
186
294
74
410
98
122
1004
2
200
826
-1
66
812
6
20
436
198
-1
542
84
28
28
152
24
246
592
150
-1
300
510
192
470
32
234
-1
14
180
322
86
208
20
428
16
-1
14
440
440
466
-1
314
264
160
476
434
246
72
122
152
702
12
6
142
18
302
124
542
2
732
116
64
246
20
48
264
468
198
-1
14
246
544
152
170
68
76
254
2
-1
30
-1
88
240
44
-1
24
416
34
8
-1
118
292
468
234
68
-1
88
460
122
286
-1
26
118
224
152
38
302
172
1058
174
20
74
26
2
282
388
304
388
244
254
162
88
48
256
316
136
104
54
266
22
140
80
-1
14
36
246
286
34
188
322
180
12
246
50
420
30
-1
4
76
408
66
260
50
336
0
6
-1
122
134
22
124
0
202
-1
144
78
48
436
434
412
608
580
14
0
204
154
100
124
202
50
-1
246
30
166
186
88
114
408
198
-1
308
300
122
202
386
198
116
60
26
198
48
640
0
262
34
156
434
246
198
324
0
40
18
246
110
442
164
448
548
198
202
54
132
146
344
24
46
278
204
12
246
-1
152
36
56
8
380
62
200
-1
220
16
424
246
128
188
22
204
28
38
94
338
14
4
-1
202
176
308
336
174
246
44
112
100
10
274
28
82
56
424
280
298
246
246
72
44
40
182
446
-1
340
356
276
246
96
8
272
300
22
94
24
152
480
54
154
222
364
24
568
202
56
178
248
440
14
498
200
154
32
546
-1
2
174
198
-1
354
134
152
166
128
66
30
158
556
102
246
44
20
-1
76
166
666
520
100
232
240
44
48
48
8
446
34
244
98
402
246
62
66
184
152
468
122
278
676
136
622
80
202
38
0
38
258
-1
76
246
6
252
42
124
426
246
202
168
24
34
10
26
14
24
92
198
788
22
60
862
4
16
40
334
378
4
-1
434
434
622
136
68
4
506
26
18
2
34
364
398
150
46
10
208
-1
598
410
24
502
72
26
8
16
94
172
246
386
88
238
246
164
-1
218
660
448
124
198
460
80
22
308
48
246
118
-1
84
568
6
380
500
112
664
52
418
54
150
186
318
612
506
246
246
350
-1
76
126
508
202
436
94
284
64
196
-1
-1
438
74
360
176
216
32
112
132
152
260
212
202
22
58
122
-1
98
26
314
222
136
48
56
56
14
92
0
236
76
74
122
68
198
2
2
198
454
204
634
2
16
650
-1
80
246
48
26
18
2
106
46
94
284
68
72
510
152
246
54
14
24
118
282
220
4
48
104
-1
116
4
22
198
18
296
202
64
298
74
274
22
106
166
244
252
-1
246
116
40
198
96
246
352
2
390
228
-1
190
234
534
28
14
260
196
932
70
380
546
386
246
256
16
374
-1
386
264
88
168
0
290
68
46
10
278
286
370
140
268
178
152
536
200
198
316
52
198
86
120
140
198
2
418
38
460
202
112
