72
1 0 0
0 1 0
0 1 1
0 2 1
0 1 2
0 3 1
0 1 3
0 3 2
0 2 3
0 5 1
0 1 5
0 5 2
0 2 5
0 5 3
0 3 5
0 7 1
0 1 7
0 7 2
0 2 7
0 7 3
0 3 7
0 7 5
0 5 7
0 11 1
0 1 11
0 11 2
0 2 11
0 11 3
0 3 11
0 11 5
0 5 11
0 11 7
0 7 11
0 13 1
0 1 13
0 13 2
0 2 13
0 13 3
0 3 13
0 13 5
0 5 13
0 13 7
0 7 13
0 13 11
0 11 13
0 17 1
0 1 17
0 17 2
0 2 17
0 17 3
0 3 17
0 17 5
0 5 17
0 17 7
0 7 17
0 17 11
0 11 17
0 17 13
0 13 17
0 19 1
0 1 19
0 19 2
0 2 19
0 19 3
0 3 19
0 19 5
0 5 19
0 19 7
0 7 19
0 19 11
0 11 19
0 19 13
0 13 19
0 19 17
0 17 19
0 23 1
0 1 23
0 23 2
0 2 23
0 23 3
0 3 23
0 23 5
0 5 23
0 23 7
0 7 23
0 23 11
0 11 23
0 23 13
0 13 23
0 23 17
0 17 23
0 23 19
0 19 23
0 29 1
0 1 29
0 29 2
0 2 29
0 29 3
0 3 29
0 29 5
0 5 29
0 29 7
0 7 29
0 29 11
0 11 29
0 29 13
0 13 29
0 29 17
0 17 29
0 29 19
0 19 29
0 29 23
0 23 29
0 31 1
0 1 31
0 31 2
0 2 31
0 31 3
0 3 31
0 31 5
0 5 31
0 31 7
0 7 31
0 31 11
0 11 31
0 31 13
0 13 31
0 31 17
0 17 31
0 31 19
0 19 31
0 31 23
0 23 31
0 31 29
0 29 31
0 37 1
0 1 37
0 37 2
0 2 37
0 37 3
0 3 37
0 37 5
0 5 37
0 37 7
0 7 37
0 37 11
0 11 37
0 37 13
0 13 37
0 37 17
0 17 37
0 37 19
0 19 37
0 37 23
0 23 37
0 37 29
0 29 37
0 37 31
0 31 37
0 41 1
0 1 41
0 41 2
0 2 41
0 41 3
0 3 41
0 41 5
0 5 41
0 41 7
0 7 41
0 41 11
0 11 41
0 41 13
0 13 41
0 41 17
0 17 41
0 41 19
0 19 41
0 41 23
0 23 41
0 41 29
0 29 41
0 41 31
0 31 41
0 41 37
0 37 41
0 43 1
0 1 43
0 43 2
0 2 43
0 43 3
0 3 43
0 43 5
0 5 43
0 43 7
0 7 43
0 43 11
0 11 43
0 43 13
0 13 43
0 43 17
0 17 43
0 43 19
0 19 43
0 43 23
0 23 43
0 43 29
0 29 43
0 43 31
0 31 43
0 43 37
0 37 43
0 43 41
0 41 43
0 47 1
0 1 47
0 47 2
0 2 47
0 47 3
0 3 47
0 47 5
0 5 47
0 47 7
0 7 47
0 47 11
0 11 47
0 47 13
0 13 47
0 47 17
0 17 47
0 47 19
0 19 47
0 47 23
0 23 47
0 47 29
0 29 47
0 47 31
0 31 47
0 47 37
0 37 47
0 47 41
0 41 47
0 47 43
0 43 47
0 53 1
0 1 53
0 53 2
0 2 53
0 53 3
0 3 53
0 53 5
0 5 53
0 53 7
0 7 53
0 53 11
0 11 53
0 53 13
0 13 53
0 53 17
0 17 53
0 53 19
0 19 53
0 53 23
1 0 1
0 23 53
0 53 29
0 29 53
0 53 31
0 31 53
0 53 37
0 37 53
0 53 41
0 41 53
0 53 43
0 43 53
0 53 47
0 47 53
0 59 1
0 1 59
0 59 2
0 2 59
0 59 3
0 3 59
0 59 5
0 5 59
0 59 7
0 7 59
0 59 11
0 11 59
0 59 13
0 13 59
0 59 17
0 17 59
0 59 19
0 19 59
2 0 1
0 59 23
0 23 59
0 59 29
0 29 59
0 59 31
0 31 59
0 59 37
0 37 59
0 59 41
0 41 59
0 59 43
0 43 59
0 59 47
0 47 59
0 59 53
0 53 59
0 61 1
0 1 61
0 61 2
0 2 61
0 61 3
0 3 61
0 61 5
0 5 61
0 61 7
0 7 61
0 61 11
0 11 61
0 61 13
0 13 61
0 61 17
0 17 61
0 61 19
0 19 61
0 61 23
0 23 61
0 61 29
0 29 61
0 61 31
0 31 61
0 61 37
0 37 61
0 61 41
0 41 61
0 61 43
0 43 61
0 61 47
0 47 61
0 61 53
0 53 61
0 61 59
0 59 61
0 67 1
0 1 67
0 67 2
0 2 67
0 67 3
0 3 67
0 67 5
0 5 67
0 67 7
0 7 67
0 67 11
0 11 67
0 67 13
0 13 67
0 67 17
0 17 67
0 67 19
0 19 67
0 67 23
0 23 67
0 67 29
0 29 67
0 67 31
0 31 67
0 67 37
0 37 67
0 67 41
0 41 67
0 67 43
0 43 67
0 67 47
0 47 67
0 67 53
0 53 67
0 67 59
0 59 67
0 67 61
0 61 67
0 71 1
0 1 71
0 71 2
0 2 71
0 71 3
0 3 71
0 71 5
0 5 71
0 71 7
0 7 71
0 71 11
0 11 71
0 71 13
0 13 71
0 71 17
0 17 71
0 71 19
0 19 71
0 71 23
0 23 71
0 71 29
0 29 71
0 71 31
0 31 71
0 71 37
0 37 71
0 71 41
0 41 71
0 71 43
0 43 71
0 71 47
0 47 71
0 71 53
0 53 71
0 71 59
0 59 71
0 71 61
0 61 71
0 71 67
0 67 71
0 73 1
0 1 73
0 73 2
0 2 73
0 73 3
0 3 73
0 73 5
0 5 73
0 73 7
0 7 73
0 73 11
0 11 73
0 73 13
0 13 73
0 73 17
0 17 73
0 73 19
0 19 73
0 73 23
0 23 73
0 73 29
0 29 73
0 73 31
0 31 73
0 73 37
0 37 73
0 73 41
0 41 73
0 73 43
1 0 2
0 43 73
0 73 47
3 0 1
0 47 73
0 73 53
0 53 73
0 73 59
0 59 73
0 73 61
0 61 73
0 73 67
0 67 73
0 73 71
0 71 73
0 79 1
0 1 79
0 79 2
0 2 79
0 79 3
0 3 79
0 79 5
0 5 79
0 79 7
0 7 79
0 79 11
0 11 79
0 79 13
0 13 79
0 79 17
0 17 79
0 79 19
0 19 79
0 79 23
0 23 79
0 79 29
0 29 79
0 79 31
0 31 79
0 79 37
0 37 79
0 79 41
0 41 79
0 79 43
0 43 79
0 79 47
0 47 79
0 79 53
0 53 79
0 79 59
0 59 79
0 79 61
0 61 79
0 79 67
0 67 79
0 79 71
0 71 79
0 79 73
0 73 79
0 83 1
0 1 83
0 83 2
0 2 83
0 83 3
0 3 83
0 83 5
0 5 83
0 83 7
0 7 83
0 83 11
0 11 83
0 83 13
0 13 83
0 83 17
0 17 83
0 83 19
0 19 83
0 83 23
0 23 83
0 83 29
1 0 3
0 29 83
0 83 31
0 31 83
0 83 37
0 37 83
0 83 41
0 41 83
3 0 2
0 83 43
0 43 83
0 83 47
0 47 83
0 83 53
0 53 83
0 83 59
0 59 83
0 83 61
0 61 83
0 83 67
0 67 83
0 83 71
0 71 83
0 83 73
0 73 83
0 83 79
0 79 83
0 89 1
0 1 89
0 89 2
0 2 89
0 89 3
0 3 89
0 89 5
0 5 89
0 89 7
0 7 89
0 89 11
0 11 89
0 89 13
0 13 89
0 89 17
0 17 89
0 89 19
0 19 89
0 89 23
0 23 89
0 89 29
0 29 89
0 89 31
0 31 89
0 89 37
0 37 89
0 89 41
0 41 89
0 89 43
0 43 89
0 89 47
0 47 89
0 89 53
0 53 89
0 89 59
0 59 89
0 89 61
0 61 89
0 89 67
0 67 89
0 89 71
0 71 89
0 89 73
0 73 89
0 89 79
0 79 89
0 89 83
0 83 89
0 97 1
0 1 97
0 97 2
0 2 97
0 97 3
0 3 97
2 0 3
0 97 5
0 5 97
0 97 7
0 7 97
0 97 11
0 11 97
0 97 13
0 13 97
0 97 17
0 17 97
0 97 19
0 19 97
0 97 23
0 23 97
0 97 29
0 29 97
0 97 31
0 31 97
0 97 37
0 37 97
0 97 41
0 41 97
0 97 43
0 43 97
0 97 47
0 47 97
0 97 53
0 53 97
0 97 59
0 59 97
0 97 61
0 61 97
0 97 67
0 67 97
0 97 71
0 71 97
0 97 73
0 73 97
0 97 79
0 79 97
0 97 83
0 83 97
0 97 89
0 89 97
5 0 1
0 101 1
0 1 101
0 101 2
0 2 101
0 101 3
0 3 101
0 101 5
0 5 101
0 101 7
0 7 101
0 101 11
0 11 101
0 101 13
0 13 101
0 101 17
0 17 101
0 101 19
0 19 101
0 101 23
0 23 101
0 101 29
0 29 101
0 101 31
0 31 101
0 101 37
0 37 101
0 101 41
0 41 101
0 101 43
0 43 101
0 101 47
0 47 101
0 101 53
0 53 101
0 101 59
0 59 101
0 101 61
0 61 101
0 101 67
0 67 101
0 101 71
0 71 101
0 101 73
0 73 101
0 101 79
0 79 101
0 101 83
0 83 101
0 101 89
0 89 101
0 101 97
0 97 101
0 103 1
0 1 103
0 103 2
0 2 103
0 103 3
0 3 103
0 103 5
0 5 103
0 103 7
0 7 103
0 103 11
0 11 103
0 103 13
0 13 103
0 103 17
0 17 103
0 103 19
0 19 103
0 103 23
0 23 103
0 103 29
0 29 103
0 103 31
0 31 103
0 103 37
0 37 103
0 103 41
0 41 103
0 103 43
0 43 103
0 103 47
0 47 103
0 103 53
0 53 103
0 103 59
0 59 103
0 103 61
0 61 103
0 103 67
0 67 103
0 103 71
0 71 103
0 103 73
0 73 103
0 103 79
0 79 103
0 103 83
0 83 103
0 103 89
0 89 103
0 103 97
0 97 103
0 103 101
0 101 103
0 103 103
0 107 1
0 1 107
0 107 2
0 2 107
0 107 3
0 3 107
0 107 5
0 5 107
0 107 7
0 7 107
0 107 11
0 11 107
0 107 13
0 13 107
0 107 17
0 17 107
0 107 19
0 19 107
0 107 23
0 23 107
0 107 29
0 29 107
0 107 31
0 31 107
0 107 37
0 37 107
0 107 41
0 41 107
0 107 43
0 43 107
0 107 47
0 47 107
0 107 53
0 53 107
0 107 59
0 59 107
0 107 61
0 61 107
0 107 67
0 67 107
0 107 71
0 71 107
0 107 73
0 73 107
0 107 79
0 79 107
0 107 83
0 83 107
0 107 89
0 89 107
0 107 97
0 97 107
0 107 101
0 101 107
0 107 103
0 103 107
0 109 1
0 1 109
0 109 2
0 2 109
0 109 3
0 3 109
0 109 5
0 5 109
0 109 7
0 7 109
0 109 11
0 11 109
0 109 13
0 13 109
0 109 17
0 17 109
0 109 19
0 19 109
0 109 23
0 23 109
0 109 29
0 29 109
0 109 31
0 31 109
0 109 37
0 37 109
0 109 41
0 41 109
0 109 43
0 43 109
0 109 47
0 47 109
0 109 53
0 53 109
0 109 59
0 59 109
0 109 61
0 61 109
0 109 67
0 67 109
0 109 71
0 71 109
0 109 73
0 73 109
0 109 79
0 79 109
0 109 83
0 83 109
0 109 89
0 89 109
0 109 97
0 97 109
0 109 101
0 101 109
0 109 103
0 103 109
0 109 107
0 107 109
0 113 1
0 1 113
0 113 2
0 2 113
0 113 3
0 3 113
0 113 5
0 5 113
0 113 7
0 7 113
0 113 11
0 11 113
0 113 13
0 13 113
0 113 17
0 17 113
0 113 19
0 19 113
0 113 23
0 23 113
0 113 29
0 29 113
1 0 5
0 113 31
0 31 113
0 113 37
0 37 113
0 113 41
5 0 2
0 41 113
0 113 43
0 43 113
0 113 47
0 47 113
0 113 53
0 53 113
0 113 59
0 59 113
0 113 61
0 61 113
0 113 67
0 67 113
0 113 71
0 71 113
0 113 73
0 73 113
0 113 79
0 79 113
0 113 83
0 83 113
0 113 89
0 89 113
0 113 97
0 97 113
0 113 101
0 101 113
0 113 103
0 103 113
0 113 107
0 107 113
0 113 109
0 109 113
0 127 1
0 1 127
0 127 2
0 2 127
0 127 3
0 3 127
0 127 5
0 5 127
0 127 7
0 7 127
0 127 11
0 11 127
0 127 13
0 13 127
0 127 17
0 17 127
0 127 19
0 19 127
0 127 23
0 23 127
0 127 29
0 29 127
0 127 31
0 31 127
0 127 37
0 37 127
0 127 41
0 41 127
0 127 43
0 43 127
0 127 47
0 47 127
0 127 53
0 53 127
0 127 59
0 59 127
0 127 61
0 61 127
0 127 67
0 67 127
0 127 71
0 71 127
0 127 73
0 73 127
0 127 79
0 79 127
0 127 83
0 83 127
0 127 89
0 89 127
0 127 97
0 97 127
0 127 101
0 101 127
0 127 103
0 103 127
0 127 107
0 107 127
0 127 109
0 109 127
0 127 113
0 113 127
0 131 1
0 1 131
0 131 2
0 2 131
0 131 3
0 3 131
0 131 5
0 5 131
0 131 7
0 7 131
0 131 11
0 11 131
0 131 13
0 13 131
0 131 17
0 17 131
0 131 19
0 19 131
0 131 23
0 23 131
2 0 5
0 131 29
0 29 131
0 131 31
0 31 131
0 131 37
0 37 131
0 131 41
0 41 131
0 131 43
0 43 131
0 131 47
0 47 131
0 131 53
0 53 131
0 131 59
0 59 131
0 131 61
0 61 131
0 131 67
0 67 131
0 131 71
0 71 131
0 131 73
0 73 131
0 131 79
0 79 131
0 131 83
0 83 131
0 131 89
5 0 3
0 89 131
0 131 97
0 97 131
0 131 101
0 101 131
0 131 103
0 103 131
0 131 107
0 107 131
0 131 109
0 109 131
0 131 113
0 113 131
0 131 127
0 127 131
0 137 1
0 1 137
0 137 2
0 2 137
0 137 3
0 3 137
0 137 5
0 5 137
0 137 7
0 7 137
0 137 11
0 11 137
0 137 13
0 13 137
0 137 17
0 17 137
0 137 19
0 19 137
0 137 23
0 23 137
3 0 5
0 137 29
0 29 137
0 137 31
0 31 137
0 137 37
0 37 137
0 137 41
0 41 137
0 137 43
0 43 137
0 137 47
0 47 137
0 137 53
0 53 137
0 137 59
0 59 137
0 137 61
0 61 137
0 137 67
0 67 137
0 137 71
0 71 137
0 137 73
0 73 137
0 137 79
0 79 137
0 137 83
0 83 137
0 137 89
0 89 137
0 137 97
0 97 137
0 137 101
0 101 137
0 137 103
0 103 137
0 137 107
0 107 137
0 137 109
0 109 137
0 137 113
0 113 137
0 137 127
0 127 137
0 137 131
0 131 137
0 139 1
0 1 139
0 139 2
0 2 139
0 139 3
0 3 139
0 139 5
0 5 139
0 139 7
0 7 139
0 139 11
0 11 139
0 139 13
0 13 139
0 139 17
0 17 139
0 139 19
0 19 139
0 139 23
0 23 139
0 139 29
0 29 139
0 139 31
0 31 139
0 139 37
0 37 139
0 139 41
0 41 139
0 139 43
0 43 139
0 139 47
0 47 139
0 139 53
0 53 139
0 139 59
0 59 139
0 139 61
0 61 139
0 139 67
7 0 1
0 67 139
0 139 71
0 71 139
0 139 73
0 73 139
0 139 79
0 79 139
0 139 83
0 83 139
0 139 89
0 89 139
0 139 97
0 97 139
0 139 101
0 101 139
0 139 103
0 103 139
0 139 107
0 107 139
0 139 109
0 109 139
0 139 113
0 113 139
0 139 127
0 127 139
0 139 131
0 131 139
0 139 137
0 137 139
0 149 1
0 1 149
0 149 2
0 2 149
0 149 3
0 3 149
0 149 5
0 5 149
0 149 7
0 7 149
0 149 11
0 11 149
0 149 13
0 13 149
0 149 17
0 17 149
0 149 19
0 19 149
0 149 23
0 23 149
0 149 29
1 0 7
0 29 149
0 149 31
0 31 149
0 149 37
0 37 149
0 149 41
0 41 149
0 149 43
0 43 149
0 149 47
0 47 149
0 149 53
0 53 149
0 149 59
0 59 149
0 149 61
0 61 149
0 149 67
0 67 149
0 149 71
0 71 149
0 149 73
0 73 149
0 149 79
0 79 149
0 149 83
0 83 149
0 149 89
0 89 149
0 149 97
0 97 149
0 149 101
0 101 149
0 149 103
0 103 149
0 149 107
0 107 149
0 149 109
0 109 149
0 149 113
0 113 149
0 149 127
0 127 149
0 149 131
0 131 149
0 149 137
0 137 149
0 149 139
0 139 149
0 151 1
0 1 151
0 151 2
0 2 151
0 151 3
0 3 151
0 151 5
0 5 151
0 151 7
0 7 151
0 151 11
0 11 151
0 151 13
0 13 151
0 151 17
0 17 151
0 151 19
7 0 2
0 19 151
0 151 23
0 23 151
0 151 29
0 29 151
0 151 31
0 31 151
0 151 37
0 37 151
0 151 41
0 41 151
0 151 43
2 0 7
0 43 151
0 151 47
0 47 151
0 151 53
0 53 151
0 151 59
7 0 3
0 59 151
0 151 61
0 61 151
0 151 67
0 67 151
0 151 71
0 71 151
0 151 73
0 73 151
0 151 79
0 79 151
0 151 83
0 83 151
0 151 89
0 89 151
0 151 97
0 97 151
0 151 101
0 101 151
0 151 103
0 103 151
0 151 107
0 107 151
0 151 109
0 109 151
0 151 113
0 113 151
0 151 127
0 127 151
0 151 131
0 131 151
0 151 137
0 137 151
0 151 139
0 139 151
0 151 149
0 149 151
0 157 1
0 1 157
0 157 2
0 2 157
0 157 3
0 3 157
0 157 5
0 5 157
0 157 7
0 7 157
0 157 11
0 11 157
0 157 13
0 13 157
0 157 17
0 17 157
0 157 19
0 19 157
0 157 23
0 23 157
0 157 29
0 29 157
0 157 31
0 31 157
0 157 37
0 37 157
0 157 41
0 41 157
0 157 43
0 43 157
0 157 47
0 47 157
0 157 53
0 53 157
0 157 59
0 59 157
0 157 61
0 61 157
0 157 67
0 67 157
0 157 71
0 71 157
0 157 73
0 73 157
0 157 79
0 79 157
0 157 83
0 83 157
0 157 89
0 89 157
0 157 97
0 97 157
0 157 101
0 101 157
0 157 103
0 103 157
0 157 107
0 107 157
0 157 109
0 109 157
0 157 113
0 113 157
0 157 127
0 127 157
0 157 131
0 131 157
0 157 137
0 137 157
0 157 139
0 139 157
0 157 149
0 149 157
0 157 151
0 151 157
0 163 1
0 1 163
0 163 2
0 2 163
0 163 3
0 3 163
0 163 5
0 5 163
0 163 7
0 7 163
0 163 11
0 11 163
0 163 13
0 13 163
0 163 17
0 17 163
0 163 19
0 19 163
0 163 23
0 23 163
0 163 29
0 29 163
0 163 31
0 31 163
0 163 37
0 37 163
0 163 41
0 41 163
0 163 43
0 43 163
3 0 7
0 163 47
0 47 163
0 163 53
0 53 163
0 163 59
0 59 163
0 163 61
0 61 163
0 163 67
0 67 163
0 163 71
0 71 163
0 163 73
0 73 163
0 163 79
0 79 163
0 163 83
0 83 163
0 163 89
0 89 163
0 163 97
0 97 163
0 163 101
0 101 163
0 163 103
0 103 163
0 163 107
0 107 163
0 163 109
0 109 163
0 163 113
0 113 163
0 163 127
0 127 163
0 163 131
0 131 163
0 163 137
0 137 163
0 163 139
0 139 163
0 163 149
0 149 163
0 163 151
0 151 163
0 163 157
0 157 163
0 167 1
0 1 167
0 167 2
0 2 167
0 167 3
0 3 167
0 167 5
0 5 167
0 167 7
0 7 167
0 167 11
0 11 167
0 167 13
0 13 167
0 167 17
0 17 167
0 167 19
0 19 167
0 167 23
0 23 167
0 167 29
0 29 167
0 167 31
0 31 167
0 167 37
0 37 167
0 167 41
0 41 167
0 167 43
0 43 167
0 167 47
0 47 167
0 167 53
0 53 167
0 167 59
0 59 167
0 167 61
0 61 167
0 167 67
0 67 167
0 167 71
0 71 167
0 167 73
0 73 167
0 167 79
0 79 167
0 167 83
0 83 167
0 167 89
0 89 167
0 167 97
0 97 167
0 167 101
0 101 167
0 167 103
0 103 167
0 167 107
0 107 167
0 167 109
0 109 167
0 167 113
0 113 167
0 167 127
0 127 167
0 167 131
0 131 167
0 167 137
0 137 167
7 0 5
0 167 139
0 139 167
0 167 149
0 149 167
0 167 151
0 151 167
0 167 157
0 157 167
0 167 163
0 163 167
0 173 1
0 1 173
0 173 2
0 2 173
0 173 3
0 3 173
0 173 5
0 5 173
0 173 7
0 7 173
0 173 11
0 11 173
0 173 13
0 13 173
0 173 17
0 17 173
0 173 19
0 19 173
0 173 23
0 23 173
0 173 29
0 29 173
0 173 31
0 31 173
0 173 37
0 37 173
0 173 41
0 41 173
0 173 43
0 43 173
0 173 47
0 47 173
0 173 53
0 53 173
0 173 59
0 59 173
0 173 61
0 61 173
0 173 67
0 67 173
0 173 71
0 71 173
0 173 73
0 73 173
0 173 79
0 79 173
0 173 83
0 83 173
5 0 7
0 173 89
0 89 173
0 173 97
0 97 173
0 173 101
0 101 173
0 173 103
0 103 173
11 0 1
0 173 107
0 107 173
0 173 109
0 109 173
0 173 113
0 113 173
0 173 127
0 127 173
0 173 131
0 131 173
0 173 137
0 137 173
0 173 139
0 139 173
0 173 149
0 149 173
0 173 151
0 151 173
0 173 157
0 157 173
0 173 163
0 163 173
0 173 167
0 167 173
0 179 1
0 1 179
0 179 2
0 2 179
0 179 3
0 3 179
0 179 5
0 5 179
0 179 7
0 7 179
0 179 11
0 11 179
0 179 13
0 13 179
0 179 17
0 17 179
0 179 19
0 19 179
0 179 23
0 23 179
0 179 29
0 29 179
0 179 31
0 31 179
0 179 37
0 37 179
0 179 41
0 41 179
0 179 43
0 43 179
0 179 47
0 47 179
0 179 53
0 53 179
0 179 59
0 59 179
0 179 61
0 61 179
0 179 67
0 67 179
0 179 71
0 71 179
0 179 73
0 73 179
0 179 79
0 79 179
0 179 83
0 83 179
0 179 89
0 89 179
0 179 97
0 97 179
0 179 101
0 101 179
0 179 103
0 103 179
0 179 107
0 107 179
0 179 109
0 109 179
0 179 113
0 113 179
0 179 127
0 127 179
0 179 131
0 131 179
0 179 137
0 137 179
0 179 139
0 139 179
0 179 149
0 149 179
0 179 151
0 151 179
1 0 11
0 179 157
0 157 179
0 179 163
0 163 179
0 179 167
0 167 179
0 179 173
0 173 179
0 181 1
0 1 181
0 181 2
0 2 181
0 181 3
0 3 181
0 181 5
0 5 181
0 181 7
0 7 181
0 181 11
0 11 181
0 181 13
0 13 181
0 181 17
0 17 181
0 181 19
0 19 181
0 181 23
0 23 181
0 181 29
0 29 181
0 181 31
0 31 181
0 181 37
0 37 181
0 181 41
0 41 181
0 181 43
0 43 181
0 181 47
0 47 181
0 181 53
0 53 181
0 181 59
0 59 181
0 181 61
0 61 181
0 181 67
0 67 181
0 181 71
0 71 181
0 181 73
0 73 181
0 181 79
0 79 181
0 181 83
0 83 181
0 181 89
0 89 181
0 181 97
0 97 181
0 181 101
0 101 181
0 181 103
0 103 181
0 181 107
0 107 181
0 181 109
0 109 181
0 181 113
0 113 181
0 181 127
0 127 181
0 181 131
0 131 181
0 181 137
0 137 181
0 181 139
0 139 181
0 181 149
0 149 181
0 181 151
0 151 181
0 181 157
0 157 181
0 181 163
0 163 181
0 181 167
0 167 181
0 181 173
0 173 181
0 181 179
0 179 181
0 191 1
0 1 191
0 191 2
0 2 191
0 191 3
0 3 191
0 191 5
0 5 191
0 191 7
0 7 191
0 191 11
0 11 191
0 191 13
0 13 191
0 191 17
0 17 191
11 0 2
0 191 19
0 19 191
0 191 23
0 23 191
0 191 29
0 29 191
0 191 31
0 31 191
0 191 37
0 37 191
0 191 41
0 41 191
0 191 43
0 43 191
0 191 47
0 47 191
0 191 53
0 53 191
0 191 59
0 59 191
0 191 61
0 61 191
0 191 67
0 67 191
0 191 71
0 71 191
0 191 73
0 73 191
0 191 79
0 79 191
0 191 83
0 83 191
0 191 89
0 89 191
0 191 97
0 97 191
0 191 101
0 101 191
0 191 103
0 103 191
0 191 107
0 107 191
0 191 109
0 109 191
0 191 113
0 113 191
0 191 127
0 127 191
0 191 131
0 131 191
0 191 137
0 137 191
0 191 139
0 139 191
0 191 149
0 149 191
0 191 151
0 151 191
0 191 157
0 157 191
0 191 163
0 163 191
0 191 167
0 167 191
0 191 173
0 173 191
0 191 179
0 179 191
0 191 181
0 181 191
0 193 1
0 1 193
0 193 2
0 2 193
0 193 3
0 3 193
0 193 5
0 5 193
0 193 7
0 7 193
0 193 11
0 11 193
0 193 13
0 13 193
0 193 17
0 17 193
0 193 19
0 19 193
0 193 23
0 23 193
0 193 29
0 29 193
0 193 31
0 31 193
0 193 37
0 37 193
0 193 41
0 41 193
0 193 43
0 43 193
0 193 47
0 47 193
0 193 53
0 53 193
0 193 59
0 59 193
0 193 61
0 61 193
0 193 67
0 67 193
0 193 71
0 71 193
0 193 73
0 73 193
0 193 79
0 79 193
0 193 83
0 83 193
0 193 89
0 89 193
0 193 97
2 0 11
0 97 193
0 193 101
0 101 193
0 193 103
0 103 193
0 193 107
0 107 193
0 193 109
0 109 193
0 193 113
0 113 193
0 193 127
0 127 193
0 193 131
0 131 193
0 193 137
0 137 193
0 193 139
0 139 193
0 193 149
0 149 193
0 193 151
0 151 193
0 193 157
0 157 193
0 193 163
0 163 193
0 193 167
0 167 193
0 193 173
0 173 193
0 193 179
0 179 193
0 193 181
0 181 193
0 193 191
0 191 193
0 197 1
0 1 197
0 197 2
0 2 197
0 197 3
0 3 197
0 197 5
0 5 197
0 197 7
0 7 197
0 197 11
0 11 197
0 197 13
0 13 197
0 197 17
0 17 197
0 197 19
0 19 197
0 197 23
11 0 3
0 23 197
0 197 29
0 29 197
0 197 31
0 31 197
0 197 37
0 37 197
0 197 41
0 41 197
0 197 43
0 43 197
0 197 47
0 47 197
0 197 53
0 53 197
0 197 59
0 59 197
0 197 61
0 61 197
0 197 67
0 67 197
0 197 71
0 71 197
3 0 11
0 197 73
0 73 197
0 197 79
0 79 197
0 197 83
0 83 197
0 197 89
0 89 197
0 197 97
0 97 197
0 197 101
0 101 197
0 197 103
0 103 197
0 197 107
0 107 197
0 197 109
0 109 197
0 197 113
0 113 197
0 197 127
0 127 197
0 197 131
0 131 197
0 197 137
0 137 197
0 197 139
0 139 197
0 197 149
0 149 197
0 197 151
0 151 197
0 197 157
0 157 197
0 197 163
0 163 197
0 197 167
0 167 197
0 197 173
0 173 197
0 197 179
0 179 197
0 197 181
0 181 197
0 197 191
0 191 197
0 197 193
0 193 197
0 199 1
0 1 199
0 199 2
0 2 199
0 199 3
0 3 199
0 199 5
0 5 199
0 199 7
0 7 199
0 199 11
0 11 199
0 199 13
0 13 199
0 199 17
0 17 199
0 199 19
0 19 199
0 199 23
0 23 199
0 199 29
0 29 199
0 199 31
0 31 199
0 199 37
0 37 199
0 199 41
0 41 199
0 199 43
0 43 199
0 199 47
0 47 199
0 199 53
0 53 199
0 199 59
0 59 199
0 199 61
0 61 199
0 199 67
0 67 199
0 199 71
0 71 199
0 199 73
0 73 199
0 199 79
0 79 199
0 199 83
0 83 199
0 199 89
0 89 199
0 199 97
0 97 199
0 199 101
0 101 199
11 0 5
0 199 103
0 103 199
0 199 107
0 107 199
0 199 109
0 109 199
0 199 113
0 113 199
0 199 127
0 127 199
0 199 131
0 131 199
0 199 137
0 137 199
0 199 139
0 139 199
0 199 149
0 149 199
0 199 151
0 151 199
0 199 157
0 157 199
0 199 163
0 163 199
0 199 167
0 167 199
0 199 173
0 173 199
0 199 179
0 179 199
0 199 181
0 181 199
0 199 191
0 191 199
0 199 193
0 193 199
0 199 197
0 197 199
0 211 1
0 1 211
0 211 2
0 2 211
0 211 3
0 3 211
0 211 5
0 5 211
0 211 7
0 7 211
0 211 11
0 11 211
0 211 13
0 13 211
0 211 17
0 17 211
0 211 19
0 19 211
0 211 23
0 23 211
0 211 29
0 29 211
0 211 31
0 31 211
0 211 37
0 37 211
0 211 41
0 41 211
0 211 43
0 43 211
0 211 47
0 47 211
0 211 53
0 53 211
0 211 59
5 0 11
0 59 211
0 211 61
0 61 211
0 211 67
0 67 211
0 211 71
0 71 211
0 211 73
0 73 211
0 211 79
0 79 211
0 211 83
0 83 211
0 211 89
0 89 211
0 211 97
0 97 211
0 211 101
0 101 211
0 211 103
0 103 211
0 211 107
0 107 211
0 211 109
0 109 211
0 211 113
0 113 211
0 211 127
0 127 211
0 211 131
0 131 211
0 211 137
0 137 211
0 211 139
0 139 211
0 211 149
0 149 211
0 211 151
0 151 211
0 211 157
0 157 211
0 211 163
0 163 211
0 211 167
0 167 211
11 0 7
0 211 173
0 173 211
0 211 179
0 179 211
0 211 181
0 181 211
0 211 191
0 191 211
0 211 193
0 193 211
0 211 197
0 197 211
0 211 199
0 199 211
7 0 11
0 223 1
0 1 223
0 223 2
0 2 223
0 223 3
0 3 223
0 223 5
0 5 223
0 223 7
0 7 223
0 223 11
0 11 223
0 223 13
0 13 223
0 223 17
0 17 223
0 223 19
0 19 223
0 223 23
0 23 223
0 223 29
0 29 223
0 223 31
0 31 223
0 223 37
0 37 223
0 223 41
0 41 223
0 223 43
0 43 223
0 223 47
0 47 223
0 223 53
0 53 223
0 223 59
0 59 223
0 223 61
0 61 223
0 223 67
0 67 223
0 223 71
0 71 223
0 223 73
0 73 223
0 223 79
0 79 223
0 223 83
0 83 223
0 223 89
0 89 223
0 223 97
0 97 223
0 223 101
0 101 223
0 223 103
0 103 223
0 223 107
0 107 223
0 223 109
0 109 223
0 223 113
0 113 223
0 223 127
0 127 223
0 223 131
0 131 223
0 223 137
0 137 223
0 223 139
0 139 223
0 223 149
0 149 223
0 223 151
0 151 223
0 223 157
0 157 223
0 223 163
0 163 223
0 223 167
0 167 223
0 223 173
0 173 223
0 223 179
0 179 223
0 223 181
0 181 223
0 223 191
0 191 223
0 223 193
0 193 223
0 223 197
0 197 223
0 223 199
0 199 223
0 223 211
0 211 223
0 227 1
0 1 227
0 227 2
0 2 227
0 227 3
0 3 227
0 227 5
0 5 227
0 227 7
0 7 227
0 227 11
0 11 227
0 227 13
0 13 227
0 227 17
0 17 227
0 227 19
0 19 227
0 227 23
0 23 227
0 227 29
0 29 227
0 227 31
0 31 227
0 227 37
0 37 227
0 227 41
0 41 227
0 227 43
0 43 227
0 227 47
0 47 227
0 227 53
0 53 227
0 227 59
0 59 227
0 227 61
0 61 227
0 227 67
0 67 227
0 227 71
0 71 227
0 227 73
0 73 227
0 227 79
0 79 227
0 227 83
0 83 227
0 227 89
0 89 227
0 227 97
0 97 227
0 227 101
0 101 227
0 227 103
0 103 227
0 227 107
0 107 227
0 227 109
0 109 227
13 0 1
0 227 113
0 113 227
0 227 127
0 127 227
0 227 131
0 131 227
0 227 137
0 137 227
0 227 139
0 139 227
0 227 149
0 149 227
0 227 151
0 151 227
0 227 157
0 157 227
0 227 163
0 163 227
0 227 167
0 167 227
0 227 173
0 173 227
0 227 179
0 179 227
0 227 181
0 181 227
0 227 191
0 191 227
0 227 193
0 193 227
0 227 197
0 197 227
0 227 199
0 199 227
0 227 211
0 211 227
0 227 223
0 223 227
0 229 1
0 1 229
0 229 2
0 2 229
0 229 3
0 3 229
0 229 5
0 5 229
0 229 7
0 7 229
0 229 11
0 11 229
0 229 13
0 13 229
0 229 17
0 17 229
0 229 19
0 19 229
0 229 23
0 23 229
0 229 29
0 29 229
0 229 31
0 31 229
0 229 37
0 37 229
0 229 41
0 41 229
0 229 43
0 43 229
0 229 47
0 47 229
0 229 53
0 53 229
0 229 59
0 59 229
0 229 61
1 0 13
0 61 229
0 229 67
0 67 229
0 229 71
0 71 229
0 229 73
0 73 229
0 229 79
0 79 229
0 229 83
0 83 229
0 229 89
0 89 229
0 229 97
0 97 229
0 229 101
0 101 229
0 229 103
0 103 229
0 229 107
0 107 229
0 229 109
0 109 229
0 229 113
0 113 229
13 0 2
0 229 127
0 127 229
0 229 131
0 131 229
0 229 137
0 137 229
0 229 139
0 139 229
0 229 149
0 149 229
0 229 151
0 151 229
0 229 157
0 157 229
0 229 163
0 163 229
0 229 167
0 167 229
0 229 173
0 173 229
0 229 179
0 179 229
0 229 181
0 181 229
0 229 191
0 191 229
0 229 193
0 193 229
0 229 197
0 197 229
0 229 199
0 199 229
0 229 211
0 211 229
0 229 223
0 223 229
0 229 227
0 227 229
0 233 1
0 1 233
0 233 2
0 2 233
0 233 3
0 3 233
0 233 5
0 5 233
0 233 7
0 7 233
0 233 11
0 11 233
0 233 13
0 13 233
0 233 17
0 17 233
0 233 19
0 19 233
0 233 23
0 23 233
0 233 29
0 29 233
0 233 31
0 31 233
0 233 37
0 37 233
0 233 41
0 41 233
0 233 43
0 43 233
0 233 47
0 47 233
0 233 53
0 53 233
0 233 59
0 59 233
2 0 13
0 233 61
0 61 233
0 233 67
0 67 233
0 233 71
0 71 233
0 233 73
0 73 233
0 233 79
0 79 233
0 233 83
0 83 233
0 233 89
0 89 233
0 233 97
0 97 233
0 233 101
0 101 233
0 233 103
0 103 233
0 233 107
0 107 233
0 233 109
0 109 233
0 233 113
0 113 233
0 233 127
0 127 233
0 233 131
0 131 233
0 233 137
0 137 233
0 233 139
0 139 233
0 233 149
0 149 233
0 233 151
0 151 233
13 0 3
0 233 157
0 157 233
0 233 163
0 163 233
0 233 167
0 167 233
0 233 173
0 173 233
0 233 179
0 179 233
0 233 181
0 181 233
0 233 191
0 191 233
0 233 193
0 193 233
0 233 197
0 197 233
0 233 199
0 199 233
0 233 211
0 211 233
0 233 223
0 223 233
0 233 227
0 227 233
0 233 229
0 229 233
0 239 1
0 1 239
0 239 2
0 2 239
0 239 3
0 3 239
0 239 5
0 5 239
0 239 7
0 7 239
0 239 11
0 11 239
0 239 13
0 13 239
0 239 17
3 0 13
0 17 239
0 239 19
0 19 239
0 239 23
0 23 239
0 239 29
0 29 239
0 239 31
0 31 239
0 239 37
0 37 239
0 239 41
0 41 239
0 239 43
0 43 239
0 239 47
0 47 239
0 239 53
0 53 239
0 239 59
0 59 239
0 239 61
0 61 239
0 239 67
0 67 239
0 239 71
0 71 239
0 239 73
0 73 239
0 239 79
0 79 239
0 239 83
0 83 239
0 239 89
0 89 239
0 239 97
0 97 239
0 239 101
0 101 239
0 239 103
0 103 239
0 239 107
0 107 239
0 239 109
0 109 239
0 239 113
13 0 5
0 113 239
0 239 127
0 127 239
0 239 131
0 131 239
0 239 137
0 137 239
0 239 139
0 139 239
0 239 149
0 149 239
0 239 151
0 151 239
0 239 157
0 157 239
0 239 163
0 163 239
0 239 167
0 167 239
0 239 173
0 173 239
0 239 179
0 179 239
0 239 181
0 181 239
0 239 191
0 191 239
0 239 193
0 193 239
0 239 197
0 197 239
0 239 199
0 199 239
0 239 211
0 211 239
0 239 223
0 223 239
0 239 227
0 227 239
0 239 229
0 229 239
0 239 233
0 233 239
0 241 1
0 1 241
0 241 2
0 2 241
0 241 3
0 3 241
0 241 5
0 5 241
0 241 7
0 7 241
0 241 11
0 11 241
0 241 13
0 13 241
0 241 17
0 17 241
0 241 19
0 19 241
0 241 23
0 23 241
0 241 29
0 29 241
0 241 31
0 31 241
0 241 37
0 37 241
0 241 41
0 41 241
0 241 43
0 43 241
0 241 47
0 47 241
0 241 53
0 53 241
0 241 59
0 59 241
0 241 61
0 61 241
0 241 67
0 67 241
0 241 71
0 71 241
0 241 73
0 73 241
0 241 79
0 79 241
0 241 83
0 83 241
0 241 89
0 89 241
0 241 97
0 97 241
0 241 101
0 101 241
0 241 103
0 103 241
0 241 107
0 107 241
0 241 109
0 109 241
0 241 113
0 113 241
0 241 127
0 127 241
0 241 131
0 131 241
0 241 137
0 137 241
0 241 139
0 139 241
0 241 149
0 149 241
0 241 151
0 151 241
0 241 157
0 157 241
0 241 163
0 163 241
0 241 167
0 167 241
0 241 173
0 173 241
0 241 179
0 179 241
0 241 181
0 181 241
0 241 191
0 191 241
0 241 193
0 193 241
0 241 197
0 197 241
0 241 199
0 199 241
0 241 211
0 211 241
0 241 223
0 223 241
0 241 227
0 227 241
0 241 229
0 229 241
0 241 233
0 233 241
0 241 239
0 239 241
0 251 1
0 1 251
0 251 2
0 2 251
0 251 3
0 3 251
0 251 5
0 5 251
0 251 7
0 7 251
0 251 11
0 11 251
0 251 13
0 13 251
0 251 17
0 17 251
0 251 19
0 19 251
0 251 23
0 23 251
0 251 29
0 29 251
0 251 31
0 31 251
0 251 37
0 37 251
0 251 41
0 41 251
0 251 43
0 43 251
0 251 47
0 47 251
0 251 53
0 53 251
0 251 59
0 59 251
0 251 61
0 61 251
0 251 67
0 67 251
0 251 71
0 71 251
0 251 73
0 73 251
0 251 79
0 79 251
0 251 83
0 83 251
0 251 89
0 89 251
0 251 97
0 97 251
0 251 101
0 101 251
0 251 103
0 103 251
0 251 107
0 107 251
0 251 109
0 109 251
0 251 113
0 113 251
0 251 127
0 127 251
0 251 131
0 131 251
0 251 137
0 137 251
0 251 139
0 139 251
0 251 149
0 149 251
0 251 151
0 151 251
0 251 157
0 157 251
0 251 163
0 163 251
0 251 167
5 0 13
0 167 251
0 251 173
0 173 251
0 251 179
0 179 251
0 251 181
0 181 251
0 251 191
0 191 251
0 251 193
0 193 251
0 251 197
0 197 251
0 251 199
0 199 251
0 251 211
0 211 251
0 251 223
0 223 251
0 251 227
0 227 251
0 251 229
0 229 251
0 251 233
0 233 251
0 251 239
0 239 251
0 251 241
0 241 251
0 257 1
0 1 257
0 257 2
0 2 257
0 257 3
0 3 257
0 257 5
0 5 257
0 257 7
0 7 257
0 257 11
0 11 257
0 257 13
0 13 257
0 257 17
0 17 257
0 257 19
0 19 257
0 257 23
0 23 257
0 257 29
0 29 257
0 257 31
0 31 257
0 257 37
0 37 257
0 257 41
0 41 257
0 257 43
0 43 257
0 257 47
0 47 257
0 257 53
0 53 257
0 257 59
0 59 257
0 257 61
0 61 257
0 257 67
0 67 257
0 257 71
0 71 257
0 257 73
0 73 257
0 257 79
0 79 257
0 257 83
0 83 257
0 257 89
0 89 257
0 257 97
0 97 257
0 257 101
0 101 257
0 257 103
0 103 257
0 257 107
0 107 257
0 257 109
0 109 257
0 257 113
0 113 257
0 257 127
0 127 257
0 257 131
0 131 257
0 257 137
0 137 257
0 257 139
0 139 257
0 257 149
0 149 257
0 257 151
0 151 257
0 257 157
0 157 257
0 257 163
0 163 257
0 257 167
0 167 257
0 257 173
0 173 257
0 257 179
0 179 257
0 257 181
0 181 257
0 257 191
0 191 257
0 257 193
0 193 257
0 257 197
0 197 257
0 257 199
0 199 257
0 257 211
0 211 257
0 257 223
0 223 257
0 257 227
0 227 257
0 257 229
0 229 257
0 257 233
0 233 257
0 257 239
0 239 257
0 257 241
0 241 257
0 257 251
0 251 257
0 263 1
0 1 263
0 263 2
0 2 263
0 263 3
0 3 263
0 263 5
0 5 263
0 263 7
13 0 7
0 7 263
0 263 11
0 11 263
0 263 13
0 13 263
0 263 17
0 17 263
0 263 19
0 19 263
0 263 23
0 23 263
0 263 29
0 29 263
0 263 31
0 31 263
0 263 37
0 37 263
0 263 41
0 41 263
0 263 43
0 43 263
0 263 47
0 47 263
0 263 53
0 53 263
0 263 59
0 59 263
0 263 61
0 61 263
0 263 67
0 67 263
0 263 71
0 71 263
0 263 73
0 73 263
0 263 79
0 79 263
0 263 83
0 83 263
0 263 89
0 89 263
0 263 97
0 97 263
0 263 101
0 101 263
0 263 103
0 103 263
0 263 107
0 107 263
0 263 109
0 109 263
0 263 113
0 113 263
0 263 127
0 127 263
0 263 131
7 0 13
0 131 263
13 0 11
0 263 137
0 137 263
0 263 139
0 139 263
0 263 149
0 149 263
0 263 151
0 151 263
0 263 157
0 157 263
0 263 163
0 163 263
0 263 167
0 167 263
0 263 173
0 173 263
0 263 179
0 179 263
0 263 181
0 181 263
0 263 191
0 191 263
0 263 193
0 193 263
0 263 197
0 197 263
0 263 199
0 199 263
0 263 211
0 211 263
0 263 223
0 223 263
0 263 227
0 227 263
0 263 229
0 229 263
0 263 233
0 233 263
0 263 239
0 239 263
0 263 241
0 241 263
0 263 251
0 251 263
0 263 257
0 257 263
0 269 1
0 1 269
0 269 2
0 2 269
0 269 3
0 3 269
0 269 5
0 5 269
0 269 7
0 7 269
0 269 11
0 11 269
0 269 13
0 13 269
0 269 17
0 17 269
11 0 13
0 269 19
0 19 269
0 269 23
0 23 269
0 269 29
0 29 269
0 269 31
0 31 269
0 269 37
0 37 269
0 269 41
0 41 269
0 269 43
0 43 269
0 269 47
0 47 269
0 269 53
0 53 269
0 269 59
0 59 269
0 269 61
0 61 269
0 269 67
0 67 269
0 269 71
0 71 269
0 269 73
0 73 269
0 269 79
0 79 269
0 269 83
0 83 269
0 269 89
0 89 269
0 269 97
0 97 269
0 269 101
0 101 269
0 269 103
0 103 269
0 269 107
0 107 269
0 269 109
0 109 269
0 269 113
0 113 269
0 269 127
0 127 269
0 269 131
0 131 269
0 269 137
0 137 269
0 269 139
0 139 269
0 269 149
0 149 269
0 269 151
17 0 1
0 151 269
0 269 157
0 157 269
0 269 163
0 163 269
0 269 167
0 167 269
0 269 173
0 173 269
0 269 179
0 179 269
0 269 181
0 181 269
0 269 191
0 191 269
0 269 193
0 193 269
0 269 197
0 197 269
0 269 199
0 199 269
0 269 211
0 211 269
0 269 223
1 0 17
0 223 269
0 269 227
0 227 269
0 269 229
0 229 269
0 269 233
0 233 269
0 269 239
0 239 269
0 269 241
0 241 269
0 269 251
0 251 269
0 269 257
0 257 269
0 269 263
0 263 269
0 271 1
0 1 271
0 271 2
0 2 271
17 0 2
0 271 3
0 3 271
0 271 5
0 5 271
0 271 7
0 7 271
0 271 11
0 11 271
0 271 13
0 13 271
0 271 17
0 17 271
0 271 19
0 19 271
0 271 23
0 23 271
0 271 29
0 29 271
0 271 31
0 31 271
0 271 37
0 37 271
0 271 41
0 41 271
0 271 43
0 43 271
0 271 47
0 47 271
0 271 53
0 53 271
0 271 59
0 59 271
0 271 61
0 61 271
0 271 67
0 67 271
0 271 71
0 71 271
0 271 73
0 73 271
0 271 79
0 79 271
0 271 83
0 83 271
0 271 89
0 89 271
0 271 97
0 97 271
0 271 101
0 101 271
0 271 103
0 103 271
0 271 107
0 107 271
0 271 109
0 109 271
0 271 113
0 113 271
0 271 127
0 127 271
0 271 131
2 0 17
0 131 271
0 271 137
0 137 271
0 271 139
0 139 271
0 271 149
0 149 271
0 271 151
0 151 271
0 271 157
0 157 271
0 271 163
0 163 271
0 271 167
0 167 271
0 271 173
0 173 271
0 271 179
0 179 271
0 271 181
0 181 271
0 271 191
0 191 271
17 0 3
0 271 193
0 193 271
0 271 197
0 197 271
0 271 199
0 199 271
0 271 211
0 211 271
0 271 223
0 223 271
0 271 227
0 227 271
0 271 229
0 229 271
0 271 233
0 233 271
0 271 239
0 239 271
0 271 241
0 241 271
0 271 251
0 251 271
0 271 257
0 257 271
0 271 263
0 263 271
0 271 269
0 269 271
0 277 1
0 1 277
0 277 2
0 2 277
0 277 3
0 3 277
0 277 5
0 5 277
0 277 7
0 7 277
0 277 11
0 11 277
0 277 13
0 13 277
0 277 17
0 17 277
0 277 19
0 19 277
3 0 17
0 277 23
0 23 277
0 277 29
0 29 277
0 277 31
0 31 277
0 277 37
0 37 277
0 277 41
0 41 277
0 277 43
0 43 277
0 277 47
0 47 277
0 277 53
0 53 277
0 277 59
0 59 277
0 277 61
0 61 277
0 277 67
0 67 277
17 0 5
5 0 17
0 277 71
0 71 277
0 277 73
0 73 277
0 277 79
0 79 277
0 277 83
0 83 277
0 277 89
0 89 277
0 277 97
0 97 277
0 277 101
0 101 277
0 277 103
0 103 277
0 277 107
0 107 277
0 277 109
0 109 277
0 277 113
0 113 277
0 277 127
0 127 277
0 277 131
0 131 277
0 277 137
0 137 277
0 277 139
0 139 277
0 277 149
0 149 277
0 277 151
0 151 277
0 277 157
0 157 277
0 277 163
0 163 277
0 277 167
0 167 277
0 277 173
0 173 277
0 277 179
0 179 277
0 277 181
0 181 277
0 277 191
0 191 277
0 277 193
0 193 277
0 277 197
0 197 277
0 277 199
0 199 277
0 277 211
0 211 277
0 277 223
0 223 277
0 277 227
0 227 277
0 277 229
0 229 277
0 277 233
0 233 277
0 277 239
0 239 277
0 277 241
0 241 277
0 277 251
17 0 7
0 251 277
0 277 257
0 257 277
0 277 263
0 263 277
0 277 269
0 269 277
0 277 271
0 271 277
0 281 1
0 1 281
0 281 2
0 2 281
0 281 3
7 0 17
0 3 281
0 281 5
0 5 281
0 281 7
0 7 281
0 281 11
0 11 281
0 281 13
0 13 281
0 281 17
0 17 281
0 281 19
0 19 281
17 0 11
0 281 23
0 23 281
0 281 29
0 29 281
0 281 31
0 31 281
0 281 37
0 37 281
0 281 41
0 41 281
0 281 43
0 43 281
0 281 47
0 47 281
0 281 53
0 53 281
0 281 59
0 59 281
0 281 61
0 61 281
0 281 67
0 67 281
0 281 71
0 71 281
0 281 73
0 73 281
0 281 79
0 79 281
0 281 83
0 83 281
0 281 89
0 89 281
0 281 97
0 97 281
0 281 101
0 101 281
0 281 103
0 103 281
0 281 107
0 107 281
0 281 109
0 109 281
0 281 113
0 113 281
0 281 127
0 127 281
0 281 131
0 131 281
0 281 137
0 137 281
0 281 139
0 139 281
0 281 149
0 149 281
0 281 151
0 151 281
0 281 157
0 157 281
0 281 163
0 163 281
0 281 167
0 167 281
0 281 173
0 173 281
0 281 179
0 179 281
0 281 181
0 181 281
0 281 191
0 191 281
0 281 193
0 193 281
0 281 197
0 197 281
0 281 199
0 199 281
0 281 211
0 211 281
0 281 223
0 223 281
0 281 227
0 227 281
0 281 229
0 229 281
0 281 233
0 233 281
0 281 239
0 239 281
0 281 241
0 241 281
0 281 251
0 251 281
0 281 257
0 257 281
0 281 263
0 263 281
0 281 269
0 269 281
0 281 271
0 271 281
0 281 277
0 277 281
0 283 1
0 1 283
0 283 2
0 2 283
0 283 3
0 3 283
0 283 5
0 5 283
0 283 7
0 7 283
0 283 11
0 11 283
0 283 13
0 13 283
0 283 17
0 17 283
0 283 19
0 19 283
0 283 23
0 23 283
0 283 29
0 29 283
0 283 31
0 31 283
0 283 37
0 37 283
0 283 41
0 41 283
0 283 43
11 0 17
0 43 283
0 283 47
0 47 283
0 283 53
0 53 283
0 283 59
0 59 283
0 283 61
0 61 283
0 283 67
0 67 283
0 283 71
0 71 283
0 283 73
0 73 283
0 283 79
0 79 283
0 283 83
0 83 283
0 283 89
0 89 283
0 283 97
0 97 283
0 283 101
0 101 283
0 283 103
0 103 283
0 283 107
0 107 283
0 283 109
0 109 283
0 283 113
0 113 283
0 283 127
0 127 283
0 283 131
0 131 283
0 283 137
0 137 283
0 283 139
0 139 283
0 283 149
0 149 283
0 283 151
0 151 283
0 283 157
0 157 283
0 283 163
0 163 283
0 283 167
0 167 283
0 283 173
0 173 283
0 283 179
0 179 283
0 283 181
0 181 283
0 283 191
0 191 283
0 283 193
0 193 283
0 283 197
0 197 283
0 283 199
0 199 283
0 283 211
0 211 283
0 283 223
17 0 13
0 223 283
0 283 227
0 227 283
0 283 229
0 229 283
0 283 233
0 233 283
0 283 239
0 239 283
0 283 241
0 241 283
0 283 251
0 251 283
0 283 257
0 257 283
0 283 263
0 263 283
0 283 269
0 269 283
0 283 271
0 271 283
0 283 277
0 277 283
0 283 281
0 281 283
0 293 1
0 1 293
0 293 2
0 2 293
0 293 3
0 3 293
0 293 5
0 5 293
0 293 7
0 7 293
0 293 11
0 11 293
0 293 13
0 13 293
0 293 17
0 17 293
0 293 19
0 19 293
0 293 23
0 23 293
0 293 29
0 29 293
0 293 31
0 31 293
0 293 37
0 37 293
0 293 41
0 41 293
0 293 43
0 43 293
0 293 47
0 47 293
0 293 53
0 53 293
0 293 59
0 59 293
0 293 61
0 61 293
0 293 67
0 67 293
0 293 71
0 71 293
13 0 17
0 293 73
0 73 293
0 293 79
0 79 293
0 293 83
0 83 293
0 293 89
0 89 293
19 0 1
0 293 97
0 97 293
0 293 101
0 101 293
0 293 103
0 103 293
0 293 107
0 107 293
0 293 109
0 109 293
0 293 113
0 113 293
0 293 127
0 127 293
0 293 131
0 131 293
0 293 137
0 137 293
0 293 139
0 139 293
0 293 149
0 149 293
0 293 151
0 151 293
0 293 157
0 157 293
0 293 163
0 163 293
0 293 167
0 167 293
0 293 173
0 173 293
0 293 179
0 179 293
0 293 181
0 181 293
0 293 191
0 191 293
0 293 193
0 193 293
0 293 197
0 197 293
0 293 199
0 199 293
0 293 211
0 211 293
0 293 223
0 223 293
0 293 227
0 227 293
0 293 229
0 229 293
0 293 233
0 233 293
0 293 239
0 239 293
0 293 241
0 241 293
0 293 251
0 251 293
0 293 257
0 257 293
0 293 263
0 263 293
0 293 269
0 269 293
0 293 271
0 271 293
0 293 277
0 277 293
0 293 281
0 281 293
0 293 283
0 283 293
0 307 1
0 1 307
0 307 2
1 0 19
0 2 307
0 307 3
0 3 307
0 307 5
0 5 307
0 307 7
0 7 307
0 307 11
0 11 307
0 307 13
0 13 307
0 307 17
0 17 307
0 307 19
0 19 307
0 307 23
0 23 307
0 307 29
0 29 307
0 307 31
0 31 307
0 307 37
0 37 307
0 307 41
0 41 307
0 307 43
0 43 307
0 307 47
0 47 307
0 307 53
0 53 307
0 307 59
0 59 307
0 307 61
0 61 307
0 307 67
0 67 307
0 307 71
0 71 307
0 307 73
0 73 307
0 307 79
0 79 307
0 307 83
0 83 307
0 307 89
0 89 307
0 307 97
0 97 307
0 307 101
0 101 307
0 307 103
0 103 307
0 307 107
0 107 307
0 307 109
0 109 307
0 307 113
0 113 307
0 307 127
0 127 307
0 307 131
0 131 307
0 307 137
0 137 307
0 307 139
0 139 307
0 307 149
0 149 307
0 307 151
0 151 307
0 307 157
0 157 307
0 307 163
0 163 307
0 307 167
0 167 307
0 307 173
0 173 307
0 307 179
0 179 307
0 307 181
0 181 307
0 307 191
0 191 307
0 307 193
0 193 307
0 307 197
0 197 307
0 307 199
0 199 307
0 307 211
19 0 2
0 211 307
0 307 223
0 223 307
0 307 227
0 227 307
0 307 229
0 229 307
0 307 233
0 233 307
0 307 239
0 239 307
0 307 241
0 241 307
0 307 251
0 251 307
0 307 257
0 257 307
0 307 263
0 263 307
0 307 269
0 269 307
0 307 271
0 271 307
0 307 277
0 277 307
0 307 281
0 281 307
2 0 19
0 307 283
0 283 307
0 307 293
0 293 307
0 311 1
0 1 311
0 311 2
0 2 311
0 311 3
0 3 311
19 0 3
0 311 5
0 5 311
0 311 7
0 7 311
0 311 11
0 11 311
0 311 13
0 13 311
0 311 17
0 17 311
0 311 19
3 0 19
0 19 311
0 311 23
0 23 311
0 311 29
0 29 311
0 311 31
0 31 311
0 311 37
0 37 311
0 311 41
0 41 311
0 311 43
0 43 311
0 311 47
0 47 311
0 311 53
0 53 311
0 311 59
0 59 311
0 311 61
0 61 311
0 311 67
0 67 311
0 311 71
0 71 311
0 311 73
0 73 311
0 311 79
0 79 311
0 311 83
0 83 311
0 311 89
0 89 311
0 311 97
0 97 311
0 311 101
0 101 311
0 311 103
0 103 311
0 311 107
0 107 311
0 311 109
0 109 311
0 311 113
0 113 311
0 311 127
0 127 311
0 311 131
0 131 311
0 311 137
0 137 311
0 311 139
0 139 311
0 311 149
0 149 311
0 311 151
0 151 311
0 311 157
0 157 311
19 0 5
0 311 163
0 163 311
0 311 167
0 167 311
0 311 173
0 173 311
0 311 179
0 179 311
0 311 181
0 181 311
0 311 191
0 191 311
0 311 193
0 193 311
0 311 197
0 197 311
0 311 199
0 199 311
5 0 19
0 311 211
0 211 311
0 311 223
0 223 311
0 311 227
0 227 311
0 311 229
0 229 311
0 311 233
0 233 311
0 311 239
0 239 311
0 311 241
0 241 311
0 311 251
0 251 311
0 311 257
19 0 7
0 257 311
0 311 263
0 263 311
0 311 269
0 269 311
0 311 271
0 271 311
0 311 277
0 277 311
0 311 281
0 281 311
0 311 283
0 283 311
0 311 293
0 293 311
7 0 19
0 311 307
0 307 311
0 313 1
0 1 313
0 313 2
0 2 313
0 313 3
0 3 313
0 313 5
0 5 313
0 313 7
0 7 313
0 313 11
0 11 313
19 0 11
0 313 13
0 13 313
0 313 17
0 17 313
0 313 19
0 19 313
0 313 23
0 23 313
0 313 29
0 29 313
0 313 31
0 31 313
0 313 37
0 37 313
0 313 41
0 41 313
0 313 43
0 43 313
0 313 47
0 47 313
0 313 53
11 0 19
0 53 313
0 313 59
0 59 313
0 313 61
0 61 313
0 313 67
0 67 313
0 313 71
0 71 313
0 313 73
0 73 313
0 313 79
0 79 313
0 313 83
0 83 313
0 313 89
0 89 313
0 313 97
0 97 313
0 313 101
0 101 313
0 313 103
0 103 313
0 313 107
0 107 313
0 313 109
0 109 313
0 313 113
0 113 313
0 313 127
0 127 313
0 313 131
0 131 313
0 313 137
0 137 313
0 313 139
0 139 313
0 313 149
0 149 313
0 313 151
19 0 13
0 151 313
13 0 19
0 313 157
0 157 313
19 0 17
0 313 163
0 163 313
0 313 167
0 167 313
0 313 173
0 173 313
0 313 179
0 179 313
0 313 181
0 181 313
0 313 191
0 191 313
0 313 193
0 193 313
0 313 197
0 197 313
0 313 199
0 199 313
0 313 211
0 211 313
0 313 223
0 223 313
0 313 227
0 227 313
0 313 229
0 229 313
0 313 233
0 233 313
0 313 239
0 239 313
0 313 241
0 241 313
0 313 251
0 251 313
0 313 257
0 257 313
0 313 263
0 263 313
0 313 269
0 269 313
0 313 271
0 271 313
0 313 277
0 277 313
0 313 281
0 281 313
0 313 283
0 283 313
0 313 293
0 293 313
0 313 307
0 307 313
0 313 311
0 311 313
0 317 1
0 1 317
0 317 2
17 0 19
0 2 317
0 317 3
0 3 317
0 317 5
0 5 317
0 317 7
0 7 317
0 317 11
0 11 317
0 317 13
0 13 317
0 317 17
0 17 317
0 317 19
0 19 317
0 317 23
0 23 317
0 317 29
0 29 317
0 317 31
0 31 317
0 317 37
0 37 317
0 317 41
0 41 317
0 317 43
0 43 317
0 317 47
0 47 317
0 317 53
0 53 317
0 317 59
0 59 317
0 317 61
0 61 317
0 317 67
0 67 317
0 317 71
0 71 317
0 317 73
0 73 317
0 317 79
0 79 317
0 317 83
0 83 317
0 317 89
0 89 317
0 317 97
0 97 317
0 317 101
0 101 317
0 317 103
0 103 317
0 317 107
0 107 317
0 317 109
0 109 317
0 317 113
0 113 317
0 317 127
0 127 317
0 317 131
0 131 317
0 317 137
0 137 317
0 317 139
0 139 317
0 317 149
0 149 317
0 317 151
0 151 317
0 317 157
0 157 317
0 317 163
0 163 317
0 317 167
0 167 317
0 317 173
0 173 317
0 317 179
0 179 317
0 317 181
0 181 317
0 317 191
0 191 317
0 317 193
0 193 317
0 317 197
0 197 317
0 317 199
0 199 317
0 317 211
0 211 317
0 317 223
0 223 317
0 317 227
0 227 317
0 317 229
0 229 317
0 317 233
0 233 317
0 317 239
0 239 317
0 317 241
0 241 317
0 317 251
0 251 317
0 317 257
0 257 317
0 317 263
0 263 317
0 317 269
0 269 317
0 317 271
0 271 317
0 317 277
0 277 317
0 317 281
0 281 317
0 317 283
0 283 317
0 317 293
0 293 317
0 317 307
0 307 317
0 317 311
0 311 317
0 317 313
0 313 317
0 331 1
0 1 331
0 331 2
0 2 331
0 331 3
0 3 331
0 331 5
0 5 331
0 331 7
0 7 331
0 331 11
0 11 331
0 331 13
0 13 331
0 331 17
0 17 331
0 331 19
0 19 331
0 331 23
0 23 331
0 331 29
0 29 331
0 331 31
0 31 331
0 331 37
0 37 331
0 331 41
0 41 331
0 331 43
0 43 331
0 331 47
0 47 331
0 331 53
0 53 331
0 331 59
0 59 331
0 331 61
0 61 331
0 331 67
0 67 331
0 331 71
0 71 331
23 0 1
0 331 73
0 73 331
0 331 79
0 79 331
0 331 83
0 83 331
0 331 89
0 89 331
0 331 97
0 97 331
0 331 101
0 101 331
0 331 103
0 103 331
0 331 107
0 107 331
0 331 109
0 109 331
0 331 113
0 113 331
0 331 127
0 127 331
0 331 131
0 131 331
0 331 137
0 137 331
0 331 139
0 139 331
0 331 149
0 149 331
0 331 151
0 151 331
0 331 157
0 157 331
0 331 163
0 163 331
0 331 167
0 167 331
1 0 23
0 331 173
0 173 331
0 331 179
0 179 331
0 331 181
0 181 331
0 331 191
0 191 331
0 331 193
0 193 331
0 331 197
0 197 331
0 331 199
0 199 331
0 331 211
0 211 331
0 331 223
0 223 331
0 331 227
0 227 331
0 331 229
0 229 331
0 331 233
0 233 331
0 331 239
0 239 331
0 331 241
0 241 331
0 331 251
0 251 331
0 331 257
0 257 331
0 331 263
0 263 331
0 331 269
0 269 331
0 331 271
0 271 331
0 331 277
0 277 331
0 331 281
0 281 331
0 331 283
0 283 331
0 331 293
0 293 331
0 331 307
0 307 331
0 331 311
0 311 331
0 331 313
0 313 331
0 331 317
0 317 331
0 337 1
0 1 337
0 337 2
0 2 337
0 337 3
0 3 337
0 337 5
0 5 337
0 337 7
0 7 337
0 337 11
0 11 337
0 337 13
0 13 337
0 337 17
0 17 337
0 337 19
0 19 337
0 337 23
0 23 337
0 337 29
0 29 337
0 337 31
0 31 337
0 337 37
0 37 337
0 337 41
0 41 337
0 337 43
0 43 337
0 337 47
0 47 337
0 337 53
0 53 337
0 337 59
0 59 337
0 337 61
0 61 337
0 337 67
0 67 337
0 337 71
0 71 337
0 337 73
0 73 337
0 337 79
0 79 337
0 337 83
0 83 337
0 337 89
0 89 337
0 337 97
0 97 337
0 337 101
0 101 337
0 337 103
0 103 337
0 337 107
0 107 337
0 337 109
0 109 337
0 337 113
23 0 2
0 113 337
0 337 127
0 127 337
0 337 131
0 131 337
0 337 137
0 137 337
0 337 139
0 139 337
0 337 149
0 149 337
0 337 151
0 151 337
0 337 157
0 157 337
0 337 163
0 163 337
0 337 167
0 167 337
0 337 173
0 173 337
0 337 179
0 179 337
2 0 23
0 337 181
0 181 337
0 337 191
0 191 337
0 337 193
0 193 337
0 337 197
0 197 337
0 337 199
0 199 337
0 337 211
0 211 337
0 337 223
0 223 337
0 337 227
0 227 337
0 337 229
0 229 337
0 337 233
0 233 337
0 337 239
0 239 337
0 337 241
0 241 337
0 337 251
0 251 337
0 337 257
0 257 337
0 337 263
0 263 337
0 337 269
0 269 337
0 337 271
0 271 337
0 337 277
0 277 337
0 337 281
0 281 337
0 337 283
0 283 337
0 337 293
0 293 337
0 337 307
0 307 337
0 337 311
0 311 337
23 0 3
0 337 313
0 313 337
0 337 317
0 317 337
0 337 331
0 331 337
0 347 1
0 1 347
0 347 2
0 2 347
0 347 3
0 3 347
0 347 5
0 5 347
0 347 7
0 7 347
0 347 11
0 11 347
0 347 13
0 13 347
0 347 17
0 17 347
0 347 19
0 19 347
0 347 23
0 23 347
0 347 29
0 29 347
0 347 31
0 31 347
0 347 37
0 37 347
0 347 41
0 41 347
0 347 43
0 43 347
0 347 47
0 47 347
0 347 53
0 53 347
0 347 59
0 59 347
0 347 61
0 61 347
0 347 67
0 67 347
0 347 71
0 71 347
0 347 73
0 73 347
0 347 79
0 79 347
0 347 83
0 83 347
0 347 89
0 89 347
0 347 97
0 97 347
0 347 101
0 101 347
0 347 103
0 103 347
0 347 107
0 107 347
0 347 109
0 109 347
0 347 113
0 113 347
0 347 127
3 0 23
0 127 347
0 347 131
0 131 347
0 347 137
0 137 347
0 347 139
0 139 347
0 347 149
0 149 347
0 347 151
0 151 347
0 347 157
0 157 347
0 347 163
0 163 347
0 347 167
0 167 347
0 347 173
0 173 347
0 347 179
0 179 347
0 347 181
0 181 347
0 347 191
0 191 347
0 347 193
0 193 347
0 347 197
0 197 347
0 347 199
0 199 347
0 347 211
0 211 347
0 347 223
0 223 347
0 347 227
0 227 347
0 347 229
0 229 347
0 347 233
0 233 347
0 347 239
0 239 347
0 347 241
0 241 347
0 347 251
0 251 347
0 347 257
0 257 347
0 347 263
0 263 347
0 347 269
0 269 347
0 347 271
0 271 347
0 347 277
0 277 347
0 347 281
0 281 347
0 347 283
23 0 5
0 283 347
0 347 293
0 293 347
0 347 307
0 307 347
0 347 311
0 311 347
0 347 313
0 313 347
0 347 317
0 317 347
0 347 331
0 331 347
0 347 337
0 337 347
0 349 1
0 1 349
0 349 2
0 2 349
0 349 3
0 3 349
0 349 5
0 5 349
0 349 7
0 7 349
0 349 11
0 11 349
0 349 13
0 13 349
0 349 17
0 17 349
0 349 19
0 19 349
5 0 23
0 349 23
0 23 349
0 349 29
0 29 349
0 349 31
0 31 349
0 349 37
0 37 349
0 349 41
0 41 349
0 349 43
0 43 349
0 349 47
0 47 349
0 349 53
0 53 349
0 349 59
0 59 349
0 349 61
0 61 349
0 349 67
0 67 349
0 349 71
0 71 349
0 349 73
0 73 349
0 349 79
0 79 349
0 349 83
0 83 349
0 349 89
0 89 349
0 349 97
0 97 349
0 349 101
0 101 349
0 349 103
0 103 349
0 349 107
0 107 349
0 349 109
0 109 349
0 349 113
0 113 349
0 349 127
0 127 349
0 349 131
0 131 349
0 349 137
0 137 349
0 349 139
0 139 349
0 349 149
0 149 349
0 349 151
0 151 349
0 349 157
0 157 349
0 349 163
0 163 349
0 349 167
0 167 349
0 349 173
0 173 349
0 349 179
0 179 349
0 349 181
